2024-03-28 14:54:03.785 [info] Reading sessions from keychain...
2024-03-28 14:54:03.785 [info] Getting sessions for all scopes...
2024-03-28 14:54:03.785 [info] Got stored sessions!
2024-03-28 14:54:03.785 [info] Got 1 verified sessions.
2024-03-28 14:54:03.785 [info] Got 1 sessions for ...
2024-03-28 14:54:03.785 [info] Getting sessions for read:user,repo,user:email,workflow...
2024-03-28 14:54:03.785 [info] Got 0 sessions for read:user,repo,user:email,workflow...
2024-03-28 14:54:03.791 [info] Getting sessions for read:user,repo,user:email,workflow...
2024-03-28 14:54:03.791 [info] Got 0 sessions for read:user,repo,user:email,workflow...
2024-03-28 14:54:03.807 [info] Getting sessions for read:user...
2024-03-28 14:54:03.807 [info] Got 0 sessions for read:user...
2024-03-28 14:54:04.123 [info] Getting sessions for read:user,repo,user:email,workflow...
2024-03-28 14:54:04.123 [info] Got 0 sessions for read:user,repo,user:email,workflow...
2024-03-28 14:54:04.123 [info] Getting sessions for user:email...
2024-03-28 14:54:04.123 [info] Got 1 sessions for user:email...
2024-03-28 14:54:04.296 [info] Getting sessions for read:user,repo,user:email,workflow...
2024-03-28 14:54:04.296 [info] Got 0 sessions for read:user,repo,user:email,workflow...
2024-03-28 14:54:04.556 [info] Getting sessions for user:email...
2024-03-28 14:54:04.556 [info] Got 1 sessions for user:email...
2024-03-28 14:54:04.913 [info] Getting sessions for read:user,repo,user:email,workflow...
2024-03-28 14:54:04.913 [info] Got 0 sessions for read:user,repo,user:email,workflow...
2024-03-28 14:54:04.913 [info] Getting sessions for user:email...
2024-03-28 14:54:04.913 [info] Got 1 sessions for user:email...
2024-03-28 14:54:04.916 [info] Getting sessions for read:user,repo,user:email,workflow...
2024-03-28 14:54:04.916 [info] Got 0 sessions for read:user,repo,user:email,workflow...
2024-03-28 14:54:04.917 [info] Getting sessions for user:email...
2024-03-28 14:54:04.917 [info] Got 1 sessions for user:email...
2024-03-28 14:54:05.425 [info] Getting sessions for all scopes...
2024-03-28 14:54:05.425 [info] Got 1 sessions for ...
2024-03-28 14:54:05.479 [info] Getting sessions for all scopes...
2024-03-28 14:54:05.479 [info] Got 1 sessions for ...
2024-03-28 15:19:04.860 [info] Getting sessions for read:user,repo,user:email,workflow...
2024-03-28 15:19:04.861 [info] Got 0 sessions for read:user,repo,user:email,workflow...
2024-03-28 15:19:04.861 [info] Getting sessions for read:user...
2024-03-28 15:19:04.861 [info] Got 0 sessions for read:user...
2024-03-28 15:19:04.862 [info] Getting sessions for user:email...
2024-03-28 15:19:04.862 [info] Got 1 sessions for user:email...
2024-03-28 15:19:04.913 [info] Getting sessions for read:user,repo,user:email,workflow...
2024-03-28 15:19:04.913 [info] Got 0 sessions for read:user,repo,user:email,workflow...
2024-03-28 15:19:04.914 [info] Getting sessions for user:email...
2024-03-28 15:19:04.914 [info] Got 1 sessions for user:email...
2024-03-28 15:19:05.224 [info] Getting sessions for read:user,repo,user:email,workflow...
2024-03-28 15:19:05.224 [info] Got 0 sessions for read:user,repo,user:email,workflow...
2024-03-28 15:19:05.224 [info] Getting sessions for user:email...
2024-03-28 15:19:05.224 [info] Got 1 sessions for user:email...
2024-03-28 15:44:05.206 [info] Getting sessions for read:user,repo,user:email,workflow...
2024-03-28 15:44:05.206 [info] Got 0 sessions for read:user,repo,user:email,workflow...
2024-03-28 15:44:05.207 [info] Getting sessions for read:user...
2024-03-28 15:44:05.207 [info] Got 0 sessions for read:user...
2024-03-28 15:44:05.208 [info] Getting sessions for user:email...
2024-03-28 15:44:05.208 [info] Got 1 sessions for user:email...
2024-03-28 15:44:05.232 [info] Getting sessions for read:user,repo,user:email,workflow...
2024-03-28 15:44:05.232 [info] Got 0 sessions for read:user,repo,user:email,workflow...
2024-03-28 15:44:05.233 [info] Getting sessions for user:email...
2024-03-28 15:44:05.233 [info] Got 1 sessions for user:email...
2024-03-28 15:44:05.574 [info] Getting sessions for read:user,repo,user:email,workflow...
2024-03-28 15:44:05.574 [info] Got 0 sessions for read:user,repo,user:email,workflow...
2024-03-28 15:44:05.574 [info] Getting sessions for user:email...
2024-03-28 15:44:05.574 [info] Got 1 sessions for user:email...
