2024-03-28 14:07:43.100 [info] Log level: Info
2024-03-28 14:07:43.100 [info] Validating found git in: "git"
2024-03-28 14:07:43.100 [info] Using git "2.44.0" from "git"
2024-03-28 14:07:43.100 [info] > git rev-parse --show-toplevel [10ms]
2024-03-28 14:07:43.100 [info] > git rev-parse --git-dir --git-common-dir [1ms]
2024-03-28 14:07:43.100 [info] Open repository: /home/jake/build/swayos
2024-03-28 14:07:43.101 [info] > git rev-parse --show-toplevel [4ms]
2024-03-28 14:07:43.102 [info] > git config --get commit.template [9ms]
2024-03-28 14:07:43.112 [info] > git rev-parse --show-toplevel [5ms]
2024-03-28 14:07:43.117 [info] > git for-each-ref --format=%(refname)%00%(upstream:short)%00%(objectname)%00%(upstream:track)%00%(upstream:remotename)%00%(upstream:remoteref) refs/heads/main refs/remotes/main [6ms]
2024-03-28 14:07:43.121 [warning] ENOENT: no such file or directory, open '/home/jake/build/swayos/.git/refs/remotes/origin/main'
2024-03-28 14:07:43.121 [info] > git rev-parse --show-toplevel [5ms]
2024-03-28 14:07:43.124 [info] > git rev-parse refs/remotes/origin/main [3ms]
2024-03-28 14:07:43.138 [info] > git status -z -uall [8ms]
2024-03-28 14:07:43.186 [info] > git config --get commit.template [40ms]
2024-03-28 14:07:43.233 [info] > git for-each-ref --format=%(refname)%00%(upstream:short)%00%(objectname)%00%(upstream:track)%00%(upstream:remotename)%00%(upstream:remoteref) refs/heads/main refs/remotes/main [41ms]
2024-03-28 14:07:43.237 [warning] ENOENT: no such file or directory, open '/home/jake/build/swayos/.git/refs/remotes/origin/main'
2024-03-28 14:07:43.238 [info] > git rev-parse refs/remotes/origin/main [1ms]
2024-03-28 14:07:43.249 [info] > git status -z -uall [7ms]
2024-03-28 14:07:43.610 [info] > git check-ignore -v -z --stdin [1ms]
2024-03-28 14:07:47.344 [info] > git check-ignore -v -z --stdin [1ms]
2024-03-28 14:08:01.058 [info] > git show --textconv :setup [6ms]
2024-03-28 14:08:01.059 [info] > git ls-files --stage -- /home/jake/build/swayos/setup [1ms]
2024-03-28 14:08:01.064 [info] > git cat-file -s 0680a404ec44fb3e4f60fa4155f5cbd35831787a [1ms]
2024-03-28 14:09:16.724 [info] > git config --get commit.template [7ms]
2024-03-28 14:09:16.724 [info] > git for-each-ref --format=%(refname)%00%(upstream:short)%00%(objectname)%00%(upstream:track)%00%(upstream:remotename)%00%(upstream:remoteref) refs/heads/main refs/remotes/main [1ms]
2024-03-28 14:09:16.730 [warning] ENOENT: no such file or directory, open '/home/jake/build/swayos/.git/refs/remotes/origin/main'
2024-03-28 14:09:16.731 [info] > git rev-parse refs/remotes/origin/main [1ms]
2024-03-28 14:09:16.744 [info] > git status -z -uall [7ms]
2024-03-28 14:09:34.641 [info] > git config --get commit.template [7ms]
2024-03-28 14:09:34.641 [info] > git for-each-ref --format=%(refname)%00%(upstream:short)%00%(objectname)%00%(upstream:track)%00%(upstream:remotename)%00%(upstream:remoteref) refs/heads/main refs/remotes/main [1ms]
2024-03-28 14:09:34.647 [warning] ENOENT: no such file or directory, open '/home/jake/build/swayos/.git/refs/remotes/origin/main'
2024-03-28 14:09:34.647 [info] > git rev-parse refs/remotes/origin/main [0ms]
2024-03-28 14:09:34.659 [info] > git status -z -uall [6ms]
2024-03-28 14:12:18.859 [info] > git config --get commit.template [7ms]
2024-03-28 14:12:18.859 [info] > git for-each-ref --format=%(refname)%00%(upstream:short)%00%(objectname)%00%(upstream:track)%00%(upstream:remotename)%00%(upstream:remoteref) refs/heads/main refs/remotes/main [1ms]
2024-03-28 14:12:18.865 [warning] ENOENT: no such file or directory, open '/home/jake/build/swayos/.git/refs/remotes/origin/main'
2024-03-28 14:12:18.866 [info] > git rev-parse refs/remotes/origin/main [1ms]
2024-03-28 14:12:18.877 [info] > git status -z -uall [6ms]
2024-03-28 14:15:26.368 [info] > git config --get commit.template [6ms]
2024-03-28 14:15:26.368 [info] > git for-each-ref --format=%(refname)%00%(upstream:short)%00%(objectname)%00%(upstream:track)%00%(upstream:remotename)%00%(upstream:remoteref) refs/heads/main refs/remotes/main [0ms]
2024-03-28 14:15:26.374 [warning] ENOENT: no such file or directory, open '/home/jake/build/swayos/.git/refs/remotes/origin/main'
2024-03-28 14:15:26.375 [info] > git rev-parse refs/remotes/origin/main [0ms]
2024-03-28 14:15:26.385 [info] > git status -z -uall [5ms]
2024-03-28 14:29:48.904 [info] > git show --textconv :setup [9ms]
2024-03-28 14:29:48.905 [info] > git ls-files --stage -- /home/jake/build/swayos/setup [2ms]
2024-03-28 14:29:48.929 [info] > git cat-file -s 0680a404ec44fb3e4f60fa4155f5cbd35831787a [1ms]
2024-03-28 14:30:29.690 [info] Log level: Info
2024-03-28 14:30:29.690 [info] Validating found git in: "git"
2024-03-28 14:30:29.690 [info] Using git "2.44.0" from "git"
2024-03-28 14:30:29.690 [info] > git rev-parse --show-toplevel [7ms]
2024-03-28 14:30:29.697 [info] > git rev-parse --git-dir --git-common-dir [3ms]
2024-03-28 14:30:29.701 [info] Open repository: /home/jake/build/swayos
2024-03-28 14:30:29.713 [info] > git rev-parse --show-toplevel [1ms]
2024-03-28 14:30:29.714 [info] > git config --get commit.template [7ms]
2024-03-28 14:30:29.735 [info] > git for-each-ref --format=%(refname)%00%(upstream:short)%00%(objectname)%00%(upstream:track)%00%(upstream:remotename)%00%(upstream:remoteref) refs/heads/main refs/remotes/main [1ms]
2024-03-28 14:30:29.736 [info] > git rev-parse --git-dir --git-common-dir [6ms]
2024-03-28 14:30:29.738 [info] Open repository: /home/jake/.config
2024-03-28 14:30:29.742 [warning] ENOENT: no such file or directory, open '/home/jake/build/swayos/.git/refs/remotes/origin/main'
2024-03-28 14:30:29.751 [info] > git config --get commit.template [4ms]
2024-03-28 14:30:29.751 [info] > git rev-parse refs/remotes/origin/main [9ms]
2024-03-28 14:30:29.760 [info] > git rev-parse --show-toplevel [10ms]
2024-03-28 14:30:29.768 [info] > git status -z -uall [10ms]
2024-03-28 14:30:29.768 [info] > git for-each-ref --format=%(refname)%00%(upstream:short)%00%(objectname)%00%(upstream:track)%00%(upstream:remotename)%00%(upstream:remoteref) refs/heads/master refs/remotes/master [4ms]
2024-03-28 14:30:29.771 [info] > git rev-parse --show-toplevel [4ms]
2024-03-28 14:30:29.781 [info] > git rev-parse --show-toplevel [6ms]
2024-03-28 14:30:29.786 [info] > git rev-parse --show-toplevel [0ms]
2024-03-28 14:30:29.792 [info] > git rev-parse --show-toplevel [2ms]
2024-03-28 14:30:29.793 [info] > git status -z -uall [13ms]
2024-03-28 14:30:30.082 [info] > git rev-parse --show-toplevel [7ms]
2024-03-28 14:30:30.097 [info] > git rev-parse --show-toplevel [1ms]
2024-03-28 14:30:30.104 [info] > git rev-parse --show-toplevel [1ms]
2024-03-28 14:30:30.110 [info] > git rev-parse --show-toplevel [1ms]
2024-03-28 14:30:30.116 [info] > git rev-parse --show-toplevel [1ms]
2024-03-28 14:30:30.127 [info] > git rev-parse --show-toplevel [6ms]
2024-03-28 14:30:30.149 [info] > git rev-parse --show-toplevel [17ms]
2024-03-28 14:30:30.155 [info] > git config --get commit.template [6ms]
2024-03-28 14:30:30.155 [info] > git config --get commit.template [10ms]
2024-03-28 14:30:30.224 [info] > git rev-parse --show-toplevel [70ms]
2024-03-28 14:30:30.302 [info] > git check-ignore -v -z --stdin [22ms]
2024-03-28 14:30:30.303 [info] > git check-ignore -v -z --stdin [18ms]
2024-03-28 14:30:30.303 [info] > git rev-parse --show-toplevel [4ms]
2024-03-28 14:30:30.309 [info] > git for-each-ref --format=%(refname)%00%(upstream:short)%00%(objectname)%00%(upstream:track)%00%(upstream:remotename)%00%(upstream:remoteref) refs/heads/master refs/remotes/master [15ms]
2024-03-28 14:30:30.309 [info] > git for-each-ref --format=%(refname)%00%(upstream:short)%00%(objectname)%00%(upstream:track)%00%(upstream:remotename)%00%(upstream:remoteref) refs/heads/main refs/remotes/main [19ms]
2024-03-28 14:30:30.315 [warning] ENOENT: no such file or directory, open '/home/jake/build/swayos/.git/refs/remotes/origin/main'
2024-03-28 14:30:30.315 [info] > git ls-files --stage -- /home/jake/build/swayos/setup [6ms]
2024-03-28 14:30:30.321 [info] > git rev-parse refs/remotes/origin/main [5ms]
2024-03-28 14:30:30.326 [info] > git cat-file -s 0680a404ec44fb3e4f60fa4155f5cbd35831787a [6ms]
2024-03-28 14:30:30.332 [info] > git status -z -uall [7ms]
2024-03-28 14:30:30.341 [info] > git show --textconv :setup [2ms]
2024-03-28 14:30:30.344 [info] > git status -z -uall [13ms]
2024-03-28 14:30:34.847 [info] > git config --get commit.template [1ms]
2024-03-28 14:30:34.855 [info] > git for-each-ref --format=%(refname)%00%(upstream:short)%00%(objectname)%00%(upstream:track)%00%(upstream:remotename)%00%(upstream:remoteref) refs/heads/master refs/remotes/master [1ms]
2024-03-28 14:30:34.872 [info] > git status -z -uall [10ms]
2024-03-28 14:30:39.935 [info] > git config --get commit.template [8ms]
2024-03-28 14:30:39.935 [info] > git for-each-ref --format=%(refname)%00%(upstream:short)%00%(objectname)%00%(upstream:track)%00%(upstream:remotename)%00%(upstream:remoteref) refs/heads/master refs/remotes/master [1ms]
2024-03-28 14:30:39.961 [info] > git status -z -uall [15ms]
2024-03-28 14:30:43.105 [info] > git show --textconv :setup.sh [7ms]
2024-03-28 14:30:43.106 [info] > git ls-files --stage -- /home/jake/.config/setup.sh [1ms]
2024-03-28 14:30:44.015 [info] > git show --textconv :README.md [14ms]
2024-03-28 14:30:44.016 [info] > git ls-files --stage -- /home/jake/.config/README.md [8ms]
2024-03-28 14:30:44.033 [info] > git cat-file -s b3f7c5e2d0f69b29f4390d510eab6115a6dced30 [10ms]
2024-03-28 14:30:45.023 [info] > git config --get commit.template [8ms]
2024-03-28 14:30:45.023 [info] > git for-each-ref --format=%(refname)%00%(upstream:short)%00%(objectname)%00%(upstream:track)%00%(upstream:remotename)%00%(upstream:remoteref) refs/heads/master refs/remotes/master [1ms]
2024-03-28 14:30:45.041 [info] > git status -z -uall [11ms]
2024-03-28 14:30:50.109 [info] > git config --get commit.template [6ms]
2024-03-28 14:30:50.109 [info] > git for-each-ref --format=%(refname)%00%(upstream:short)%00%(objectname)%00%(upstream:track)%00%(upstream:remotename)%00%(upstream:remoteref) refs/heads/master refs/remotes/master [1ms]
2024-03-28 14:30:50.139 [info] > git status -z -uall [11ms]
2024-03-28 14:30:55.200 [info] > git config --get commit.template [6ms]
2024-03-28 14:30:55.200 [info] > git for-each-ref --format=%(refname)%00%(upstream:short)%00%(objectname)%00%(upstream:track)%00%(upstream:remotename)%00%(upstream:remoteref) refs/heads/master refs/remotes/master [1ms]
2024-03-28 14:30:55.230 [info] > git status -z -uall [10ms]
2024-03-28 14:31:00.286 [info] > git config --get commit.template [6ms]
2024-03-28 14:31:00.287 [info] > git for-each-ref --format=%(refname)%00%(upstream:short)%00%(objectname)%00%(upstream:track)%00%(upstream:remotename)%00%(upstream:remoteref) refs/heads/master refs/remotes/master [1ms]
2024-03-28 14:31:00.319 [info] > git status -z -uall [11ms]
2024-03-28 14:31:05.380 [info] > git for-each-ref --format=%(refname)%00%(upstream:short)%00%(objectname)%00%(upstream:track)%00%(upstream:remotename)%00%(upstream:remoteref) refs/heads/master refs/remotes/master [2ms]
2024-03-28 14:31:05.380 [info] > git config --get commit.template [7ms]
2024-03-28 14:31:05.396 [info] > git status -z -uall [10ms]
2024-03-28 14:31:10.450 [info] > git config --get commit.template [6ms]
2024-03-28 14:31:10.451 [info] > git for-each-ref --format=%(refname)%00%(upstream:short)%00%(objectname)%00%(upstream:track)%00%(upstream:remotename)%00%(upstream:remoteref) refs/heads/master refs/remotes/master [1ms]
2024-03-28 14:31:10.467 [info] > git status -z -uall [10ms]
2024-03-28 14:31:15.520 [info] > git config --get commit.template [6ms]
2024-03-28 14:31:15.520 [info] > git for-each-ref --format=%(refname)%00%(upstream:short)%00%(objectname)%00%(upstream:track)%00%(upstream:remotename)%00%(upstream:remoteref) refs/heads/master refs/remotes/master [1ms]
2024-03-28 14:31:15.536 [info] > git status -z -uall [10ms]
2024-03-28 14:31:20.594 [info] > git config --get commit.template [7ms]
2024-03-28 14:31:20.594 [info] > git for-each-ref --format=%(refname)%00%(upstream:short)%00%(objectname)%00%(upstream:track)%00%(upstream:remotename)%00%(upstream:remoteref) refs/heads/master refs/remotes/master [1ms]
2024-03-28 14:31:20.610 [info] > git status -z -uall [11ms]
2024-03-28 14:31:25.666 [info] > git config --get commit.template [6ms]
2024-03-28 14:31:25.666 [info] > git for-each-ref --format=%(refname)%00%(upstream:short)%00%(objectname)%00%(upstream:track)%00%(upstream:remotename)%00%(upstream:remoteref) refs/heads/master refs/remotes/master [1ms]
2024-03-28 14:31:25.684 [info] > git status -z -uall [12ms]
2024-03-28 14:31:30.739 [info] > git config --get commit.template [6ms]
2024-03-28 14:31:30.739 [info] > git for-each-ref --format=%(refname)%00%(upstream:short)%00%(objectname)%00%(upstream:track)%00%(upstream:remotename)%00%(upstream:remoteref) refs/heads/master refs/remotes/master [1ms]
2024-03-28 14:31:30.755 [info] > git status -z -uall [10ms]
2024-03-28 14:31:35.815 [info] > git config --get commit.template [6ms]
2024-03-28 14:31:35.815 [info] > git for-each-ref --format=%(refname)%00%(upstream:short)%00%(objectname)%00%(upstream:track)%00%(upstream:remotename)%00%(upstream:remoteref) refs/heads/master refs/remotes/master [1ms]
2024-03-28 14:31:35.831 [info] > git status -z -uall [10ms]
2024-03-28 14:32:05.087 [info] > git config --get commit.template [0ms]
2024-03-28 14:32:05.093 [info] > git for-each-ref --format=%(refname)%00%(upstream:short)%00%(objectname)%00%(upstream:track)%00%(upstream:remotename)%00%(upstream:remoteref) refs/heads/master refs/remotes/master [1ms]
2024-03-28 14:32:05.112 [info] > git status -z -uall [12ms]
2024-03-28 14:32:10.179 [info] > git config --get commit.template [5ms]
2024-03-28 14:32:10.179 [info] > git for-each-ref --format=%(refname)%00%(upstream:short)%00%(objectname)%00%(upstream:track)%00%(upstream:remotename)%00%(upstream:remoteref) refs/heads/master refs/remotes/master [0ms]
2024-03-28 14:32:10.195 [info] > git status -z -uall [11ms]
2024-03-28 14:32:15.255 [info] > git config --get commit.template [9ms]
2024-03-28 14:32:15.255 [info] > git for-each-ref --format=%(refname)%00%(upstream:short)%00%(objectname)%00%(upstream:track)%00%(upstream:remotename)%00%(upstream:remoteref) refs/heads/master refs/remotes/master [1ms]
2024-03-28 14:32:15.276 [info] > git status -z -uall [12ms]
2024-03-28 14:32:20.329 [info] > git config --get commit.template [6ms]
2024-03-28 14:32:20.329 [info] > git for-each-ref --format=%(refname)%00%(upstream:short)%00%(objectname)%00%(upstream:track)%00%(upstream:remotename)%00%(upstream:remoteref) refs/heads/master refs/remotes/master [1ms]
2024-03-28 14:32:20.345 [info] > git status -z -uall [11ms]
2024-03-28 14:32:25.403 [info] > git config --get commit.template [5ms]
2024-03-28 14:32:25.403 [info] > git for-each-ref --format=%(refname)%00%(upstream:short)%00%(objectname)%00%(upstream:track)%00%(upstream:remotename)%00%(upstream:remoteref) refs/heads/master refs/remotes/master [1ms]
2024-03-28 14:32:25.418 [info] > git status -z -uall [10ms]
2024-03-28 14:32:30.471 [info] > git config --get commit.template [6ms]
2024-03-28 14:32:30.471 [info] > git for-each-ref --format=%(refname)%00%(upstream:short)%00%(objectname)%00%(upstream:track)%00%(upstream:remotename)%00%(upstream:remoteref) refs/heads/master refs/remotes/master [1ms]
2024-03-28 14:32:30.500 [info] > git status -z -uall [10ms]
2024-03-28 14:32:35.560 [info] > git config --get commit.template [6ms]
2024-03-28 14:32:35.561 [info] > git for-each-ref --format=%(refname)%00%(upstream:short)%00%(objectname)%00%(upstream:track)%00%(upstream:remotename)%00%(upstream:remoteref) refs/heads/master refs/remotes/master [1ms]
2024-03-28 14:32:35.576 [info] > git status -z -uall [10ms]
2024-03-28 14:32:40.631 [info] > git config --get commit.template [6ms]
2024-03-28 14:32:40.631 [info] > git for-each-ref --format=%(refname)%00%(upstream:short)%00%(objectname)%00%(upstream:track)%00%(upstream:remotename)%00%(upstream:remoteref) refs/heads/master refs/remotes/master [1ms]
2024-03-28 14:32:40.647 [info] > git status -z -uall [11ms]
2024-03-28 14:33:07.514 [info] > git config --get commit.template [6ms]
2024-03-28 14:33:07.514 [info] > git for-each-ref --format=%(refname)%00%(upstream:short)%00%(objectname)%00%(upstream:track)%00%(upstream:remotename)%00%(upstream:remoteref) refs/heads/master refs/remotes/master [1ms]
2024-03-28 14:33:07.533 [info] > git status -z -uall [12ms]
2024-03-28 14:33:12.607 [info] > git config --get commit.template [6ms]
2024-03-28 14:33:12.608 [info] > git for-each-ref --format=%(refname)%00%(upstream:short)%00%(objectname)%00%(upstream:track)%00%(upstream:remotename)%00%(upstream:remoteref) refs/heads/master refs/remotes/master [1ms]
2024-03-28 14:33:12.624 [info] > git status -z -uall [11ms]
2024-03-28 14:33:13.406 [info] > git check-ignore -v -z --stdin [1ms]
2024-03-28 14:33:15.877 [info] > git show --textconv :_packages/packages.txt [6ms]
2024-03-28 14:33:15.878 [info] > git ls-files --stage -- /home/jake/.config/_packages/packages.txt [2ms]
2024-03-28 14:33:17.678 [info] > git config --get commit.template [6ms]
2024-03-28 14:33:17.678 [info] > git for-each-ref --format=%(refname)%00%(upstream:short)%00%(objectname)%00%(upstream:track)%00%(upstream:remotename)%00%(upstream:remoteref) refs/heads/master refs/remotes/master [1ms]
2024-03-28 14:33:17.695 [info] > git status -z -uall [11ms]
2024-03-28 14:33:42.317 [info] > git config --get commit.template [7ms]
2024-03-28 14:33:42.317 [info] > git for-each-ref --format=%(refname)%00%(upstream:short)%00%(objectname)%00%(upstream:track)%00%(upstream:remotename)%00%(upstream:remoteref) refs/heads/master refs/remotes/master [1ms]
2024-03-28 14:33:42.337 [info] > git status -z -uall [12ms]
2024-03-28 14:34:00.984 [info] > git config --get commit.template [7ms]
2024-03-28 14:34:00.984 [info] > git for-each-ref --format=%(refname)%00%(upstream:short)%00%(objectname)%00%(upstream:track)%00%(upstream:remotename)%00%(upstream:remoteref) refs/heads/master refs/remotes/master [1ms]
2024-03-28 14:34:01.001 [info] > git status -z -uall [11ms]
2024-03-28 14:34:03.178 [info] > git show --textconv :README.md [6ms]
2024-03-28 14:34:03.179 [info] > git ls-files --stage -- /home/jake/.config/README.md [1ms]
2024-03-28 14:34:03.186 [info] > git cat-file -s b3f7c5e2d0f69b29f4390d510eab6115a6dced30 [1ms]
2024-03-28 14:34:06.065 [info] > git config --get commit.template [10ms]
2024-03-28 14:34:06.065 [info] > git for-each-ref --format=%(refname)%00%(upstream:short)%00%(objectname)%00%(upstream:track)%00%(upstream:remotename)%00%(upstream:remoteref) refs/heads/master refs/remotes/master [2ms]
2024-03-28 14:34:06.084 [info] > git status -z -uall [10ms]
2024-03-28 14:34:11.137 [info] > git config --get commit.template [7ms]
2024-03-28 14:34:11.137 [info] > git for-each-ref --format=%(refname)%00%(upstream:short)%00%(objectname)%00%(upstream:track)%00%(upstream:remotename)%00%(upstream:remoteref) refs/heads/master refs/remotes/master [1ms]
2024-03-28 14:34:11.153 [info] > git status -z -uall [10ms]
2024-03-28 14:34:16.208 [info] > git config --get commit.template [6ms]
2024-03-28 14:34:16.208 [info] > git for-each-ref --format=%(refname)%00%(upstream:short)%00%(objectname)%00%(upstream:track)%00%(upstream:remotename)%00%(upstream:remoteref) refs/heads/master refs/remotes/master [1ms]
2024-03-28 14:34:16.224 [info] > git status -z -uall [11ms]
2024-03-28 14:34:25.183 [info] > git config --get commit.template [9ms]
2024-03-28 14:34:25.183 [info] > git for-each-ref --format=%(refname)%00%(upstream:short)%00%(objectname)%00%(upstream:track)%00%(upstream:remotename)%00%(upstream:remoteref) refs/heads/master refs/remotes/master [1ms]
2024-03-28 14:34:25.201 [info] > git status -z -uall [11ms]
2024-03-28 14:34:30.263 [info] > git config --get commit.template [6ms]
2024-03-28 14:34:30.263 [info] > git for-each-ref --format=%(refname)%00%(upstream:short)%00%(objectname)%00%(upstream:track)%00%(upstream:remotename)%00%(upstream:remoteref) refs/heads/master refs/remotes/master [0ms]
2024-03-28 14:34:30.279 [info] > git status -z -uall [10ms]
2024-03-28 14:34:45.621 [info] > git config --get commit.template [7ms]
2024-03-28 14:34:45.621 [info] > git for-each-ref --format=%(refname)%00%(upstream:short)%00%(objectname)%00%(upstream:track)%00%(upstream:remotename)%00%(upstream:remoteref) refs/heads/master refs/remotes/master [1ms]
2024-03-28 14:34:45.643 [info] > git status -z -uall [14ms]
2024-03-28 14:34:50.700 [info] > git config --get commit.template [6ms]
2024-03-28 14:34:50.701 [info] > git for-each-ref --format=%(refname)%00%(upstream:short)%00%(objectname)%00%(upstream:track)%00%(upstream:remotename)%00%(upstream:remoteref) refs/heads/master refs/remotes/master [1ms]
2024-03-28 14:34:50.717 [info] > git status -z -uall [10ms]
2024-03-28 14:34:55.772 [info] > git config --get commit.template [6ms]
2024-03-28 14:34:55.773 [info] > git for-each-ref --format=%(refname)%00%(upstream:short)%00%(objectname)%00%(upstream:track)%00%(upstream:remotename)%00%(upstream:remoteref) refs/heads/master refs/remotes/master [1ms]
2024-03-28 14:34:55.791 [info] > git status -z -uall [12ms]
2024-03-28 14:35:00.846 [info] > git config --get commit.template [5ms]
2024-03-28 14:35:00.846 [info] > git for-each-ref --format=%(refname)%00%(upstream:short)%00%(objectname)%00%(upstream:track)%00%(upstream:remotename)%00%(upstream:remoteref) refs/heads/master refs/remotes/master [1ms]
2024-03-28 14:35:00.862 [info] > git status -z -uall [10ms]
2024-03-28 14:35:16.903 [info] > git config --get commit.template [7ms]
2024-03-28 14:35:16.904 [info] > git for-each-ref --format=%(refname)%00%(upstream:short)%00%(objectname)%00%(upstream:track)%00%(upstream:remotename)%00%(upstream:remoteref) refs/heads/master refs/remotes/master [1ms]
2024-03-28 14:35:16.923 [info] > git status -z -uall [12ms]
2024-03-28 14:35:21.984 [info] > git config --get commit.template [6ms]
2024-03-28 14:35:21.984 [info] > git for-each-ref --format=%(refname)%00%(upstream:short)%00%(objectname)%00%(upstream:track)%00%(upstream:remotename)%00%(upstream:remoteref) refs/heads/master refs/remotes/master [1ms]
2024-03-28 14:35:22.000 [info] > git status -z -uall [10ms]
2024-03-28 14:35:27.054 [info] > git config --get commit.template [6ms]
2024-03-28 14:35:27.054 [info] > git for-each-ref --format=%(refname)%00%(upstream:short)%00%(objectname)%00%(upstream:track)%00%(upstream:remotename)%00%(upstream:remoteref) refs/heads/master refs/remotes/master [1ms]
2024-03-28 14:35:27.071 [info] > git status -z -uall [11ms]
2024-03-28 14:35:32.132 [info] > git config --get commit.template [6ms]
2024-03-28 14:35:32.132 [info] > git for-each-ref --format=%(refname)%00%(upstream:short)%00%(objectname)%00%(upstream:track)%00%(upstream:remotename)%00%(upstream:remoteref) refs/heads/master refs/remotes/master [1ms]
2024-03-28 14:35:32.148 [info] > git status -z -uall [10ms]
2024-03-28 14:35:46.381 [info] > git config --get commit.template [10ms]
2024-03-28 14:35:46.383 [info] > git for-each-ref --format=%(refname)%00%(upstream:short)%00%(objectname)%00%(upstream:track)%00%(upstream:remotename)%00%(upstream:remoteref) refs/heads/master refs/remotes/master [3ms]
2024-03-28 14:35:46.407 [info] > git status -z -uall [14ms]
2024-03-28 14:35:51.481 [info] > git config --get commit.template [5ms]
2024-03-28 14:35:51.481 [info] > git for-each-ref --format=%(refname)%00%(upstream:short)%00%(objectname)%00%(upstream:track)%00%(upstream:remotename)%00%(upstream:remoteref) refs/heads/master refs/remotes/master [1ms]
2024-03-28 14:35:51.497 [info] > git status -z -uall [11ms]
2024-03-28 14:35:56.549 [info] > git config --get commit.template [6ms]
2024-03-28 14:35:56.549 [info] > git for-each-ref --format=%(refname)%00%(upstream:short)%00%(objectname)%00%(upstream:track)%00%(upstream:remotename)%00%(upstream:remoteref) refs/heads/master refs/remotes/master [1ms]
2024-03-28 14:35:56.566 [info] > git status -z -uall [11ms]
2024-03-28 14:36:01.619 [info] > git config --get commit.template [7ms]
2024-03-28 14:36:01.619 [info] > git for-each-ref --format=%(refname)%00%(upstream:short)%00%(objectname)%00%(upstream:track)%00%(upstream:remotename)%00%(upstream:remoteref) refs/heads/master refs/remotes/master [1ms]
2024-03-28 14:36:01.635 [info] > git status -z -uall [10ms]
2024-03-28 14:36:06.692 [info] > git config --get commit.template [7ms]
2024-03-28 14:36:06.692 [info] > git for-each-ref --format=%(refname)%00%(upstream:short)%00%(objectname)%00%(upstream:track)%00%(upstream:remotename)%00%(upstream:remoteref) refs/heads/master refs/remotes/master [1ms]
2024-03-28 14:36:06.708 [info] > git status -z -uall [10ms]
2024-03-28 14:36:11.762 [info] > git config --get commit.template [6ms]
2024-03-28 14:36:11.763 [info] > git for-each-ref --format=%(refname)%00%(upstream:short)%00%(objectname)%00%(upstream:track)%00%(upstream:remotename)%00%(upstream:remoteref) refs/heads/master refs/remotes/master [1ms]
2024-03-28 14:36:11.779 [info] > git status -z -uall [11ms]
2024-03-28 14:36:16.850 [info] > git config --get commit.template [7ms]
2024-03-28 14:36:16.852 [info] > git for-each-ref --format=%(refname)%00%(upstream:short)%00%(objectname)%00%(upstream:track)%00%(upstream:remotename)%00%(upstream:remoteref) refs/heads/master refs/remotes/master [2ms]
2024-03-28 14:36:16.870 [info] > git status -z -uall [10ms]
2024-03-28 14:36:21.922 [info] > git config --get commit.template [5ms]
2024-03-28 14:36:21.923 [info] > git for-each-ref --format=%(refname)%00%(upstream:short)%00%(objectname)%00%(upstream:track)%00%(upstream:remotename)%00%(upstream:remoteref) refs/heads/master refs/remotes/master [1ms]
2024-03-28 14:36:21.939 [info] > git status -z -uall [11ms]
2024-03-28 14:36:40.465 [info] > git config --get commit.template [7ms]
2024-03-28 14:36:40.466 [info] > git for-each-ref --format=%(refname)%00%(upstream:short)%00%(objectname)%00%(upstream:track)%00%(upstream:remotename)%00%(upstream:remoteref) refs/heads/master refs/remotes/master [1ms]
2024-03-28 14:36:40.485 [info] > git status -z -uall [13ms]
2024-03-28 14:36:50.309 [info] > git config --get commit.template [1ms]
2024-03-28 14:36:50.317 [info] > git for-each-ref --format=%(refname)%00%(upstream:short)%00%(objectname)%00%(upstream:track)%00%(upstream:remotename)%00%(upstream:remoteref) refs/heads/master refs/remotes/master [1ms]
2024-03-28 14:36:50.335 [info] > git status -z -uall [11ms]
2024-03-28 14:36:55.392 [info] > git config --get commit.template [7ms]
2024-03-28 14:36:55.392 [info] > git for-each-ref --format=%(refname)%00%(upstream:short)%00%(objectname)%00%(upstream:track)%00%(upstream:remotename)%00%(upstream:remoteref) refs/heads/master refs/remotes/master [1ms]
2024-03-28 14:36:55.408 [info] > git status -z -uall [11ms]
2024-03-28 14:37:00.467 [info] > git config --get commit.template [6ms]
2024-03-28 14:37:00.467 [info] > git for-each-ref --format=%(refname)%00%(upstream:short)%00%(objectname)%00%(upstream:track)%00%(upstream:remotename)%00%(upstream:remoteref) refs/heads/master refs/remotes/master [1ms]
2024-03-28 14:37:00.483 [info] > git status -z -uall [11ms]
2024-03-28 14:37:05.537 [info] > git config --get commit.template [6ms]
2024-03-28 14:37:05.537 [info] > git for-each-ref --format=%(refname)%00%(upstream:short)%00%(objectname)%00%(upstream:track)%00%(upstream:remotename)%00%(upstream:remoteref) refs/heads/master refs/remotes/master [1ms]
2024-03-28 14:37:05.553 [info] > git status -z -uall [11ms]
2024-03-28 14:37:10.604 [info] > git config --get commit.template [1ms]
2024-03-28 14:37:10.611 [info] > git for-each-ref --format=%(refname)%00%(upstream:short)%00%(objectname)%00%(upstream:track)%00%(upstream:remotename)%00%(upstream:remoteref) refs/heads/master refs/remotes/master [1ms]
2024-03-28 14:37:10.627 [info] > git status -z -uall [11ms]
2024-03-28 14:37:15.683 [info] > git config --get commit.template [6ms]
2024-03-28 14:37:15.684 [info] > git for-each-ref --format=%(refname)%00%(upstream:short)%00%(objectname)%00%(upstream:track)%00%(upstream:remotename)%00%(upstream:remoteref) refs/heads/master refs/remotes/master [3ms]
2024-03-28 14:37:15.701 [info] > git status -z -uall [11ms]
2024-03-28 14:37:43.171 [info] > git config --get commit.template [7ms]
2024-03-28 14:37:43.171 [info] > git for-each-ref --format=%(refname)%00%(upstream:short)%00%(objectname)%00%(upstream:track)%00%(upstream:remotename)%00%(upstream:remoteref) refs/heads/master refs/remotes/master [1ms]
2024-03-28 14:37:43.190 [info] > git status -z -uall [12ms]
2024-03-28 14:37:48.249 [info] > git config --get commit.template [6ms]
2024-03-28 14:37:48.250 [info] > git for-each-ref --format=%(refname)%00%(upstream:short)%00%(objectname)%00%(upstream:track)%00%(upstream:remotename)%00%(upstream:remoteref) refs/heads/master refs/remotes/master [1ms]
2024-03-28 14:37:48.266 [info] > git status -z -uall [11ms]
2024-03-28 14:37:53.320 [info] > git config --get commit.template [6ms]
2024-03-28 14:37:53.321 [info] > git for-each-ref --format=%(refname)%00%(upstream:short)%00%(objectname)%00%(upstream:track)%00%(upstream:remotename)%00%(upstream:remoteref) refs/heads/master refs/remotes/master [1ms]
2024-03-28 14:37:53.338 [info] > git status -z -uall [12ms]
2024-03-28 14:37:58.393 [info] > git config --get commit.template [6ms]
2024-03-28 14:37:58.394 [info] > git for-each-ref --format=%(refname)%00%(upstream:short)%00%(objectname)%00%(upstream:track)%00%(upstream:remotename)%00%(upstream:remoteref) refs/heads/master refs/remotes/master [0ms]
2024-03-28 14:37:58.410 [info] > git status -z -uall [11ms]
2024-03-28 14:38:03.477 [info] > git config --get commit.template [6ms]
2024-03-28 14:38:03.477 [info] > git for-each-ref --format=%(refname)%00%(upstream:short)%00%(objectname)%00%(upstream:track)%00%(upstream:remotename)%00%(upstream:remoteref) refs/heads/master refs/remotes/master [1ms]
2024-03-28 14:38:03.494 [info] > git status -z -uall [11ms]
2024-03-28 14:38:08.554 [info] > git config --get commit.template [6ms]
2024-03-28 14:38:08.554 [info] > git for-each-ref --format=%(refname)%00%(upstream:short)%00%(objectname)%00%(upstream:track)%00%(upstream:remotename)%00%(upstream:remoteref) refs/heads/master refs/remotes/master [0ms]
2024-03-28 14:38:08.572 [info] > git status -z -uall [12ms]
2024-03-28 14:38:17.982 [info] > git config --get commit.template [7ms]
2024-03-28 14:38:17.983 [info] > git for-each-ref --format=%(refname)%00%(upstream:short)%00%(objectname)%00%(upstream:track)%00%(upstream:remotename)%00%(upstream:remoteref) refs/heads/master refs/remotes/master [1ms]
2024-03-28 14:38:18.002 [info] > git status -z -uall [13ms]
2024-03-28 14:38:23.059 [info] > git config --get commit.template [6ms]
2024-03-28 14:38:23.059 [info] > git for-each-ref --format=%(refname)%00%(upstream:short)%00%(objectname)%00%(upstream:track)%00%(upstream:remotename)%00%(upstream:remoteref) refs/heads/master refs/remotes/master [1ms]
2024-03-28 14:38:23.075 [info] > git status -z -uall [10ms]
2024-03-28 14:38:28.130 [info] > git config --get commit.template [6ms]
2024-03-28 14:38:28.131 [info] > git for-each-ref --format=%(refname)%00%(upstream:short)%00%(objectname)%00%(upstream:track)%00%(upstream:remotename)%00%(upstream:remoteref) refs/heads/master refs/remotes/master [1ms]
2024-03-28 14:38:28.147 [info] > git status -z -uall [11ms]
2024-03-28 14:38:33.205 [info] > git config --get commit.template [8ms]
2024-03-28 14:38:33.205 [info] > git for-each-ref --format=%(refname)%00%(upstream:short)%00%(objectname)%00%(upstream:track)%00%(upstream:remotename)%00%(upstream:remoteref) refs/heads/master refs/remotes/master [1ms]
2024-03-28 14:38:33.223 [info] > git status -z -uall [12ms]
2024-03-28 14:38:58.549 [info] > git config --get commit.template [7ms]
2024-03-28 14:38:58.550 [info] > git for-each-ref --format=%(refname)%00%(upstream:short)%00%(objectname)%00%(upstream:track)%00%(upstream:remotename)%00%(upstream:remoteref) refs/heads/master refs/remotes/master [1ms]
2024-03-28 14:38:58.568 [info] > git status -z -uall [12ms]
2024-03-28 14:39:03.626 [info] > git config --get commit.template [6ms]
2024-03-28 14:39:03.626 [info] > git for-each-ref --format=%(refname)%00%(upstream:short)%00%(objectname)%00%(upstream:track)%00%(upstream:remotename)%00%(upstream:remoteref) refs/heads/master refs/remotes/master [1ms]
2024-03-28 14:39:03.642 [info] > git status -z -uall [10ms]
2024-03-28 14:39:08.697 [info] > git config --get commit.template [6ms]
2024-03-28 14:39:08.697 [info] > git for-each-ref --format=%(refname)%00%(upstream:short)%00%(objectname)%00%(upstream:track)%00%(upstream:remotename)%00%(upstream:remoteref) refs/heads/master refs/remotes/master [0ms]
2024-03-28 14:39:08.714 [info] > git status -z -uall [11ms]
2024-03-28 14:39:13.765 [info] > git config --get commit.template [1ms]
2024-03-28 14:39:13.771 [info] > git for-each-ref --format=%(refname)%00%(upstream:short)%00%(objectname)%00%(upstream:track)%00%(upstream:remotename)%00%(upstream:remoteref) refs/heads/master refs/remotes/master [1ms]
2024-03-28 14:39:13.787 [info] > git status -z -uall [11ms]
2024-03-28 14:39:51.548 [info] > git config --get commit.template [7ms]
2024-03-28 14:39:51.549 [info] > git for-each-ref --format=%(refname)%00%(upstream:short)%00%(objectname)%00%(upstream:track)%00%(upstream:remotename)%00%(upstream:remoteref) refs/heads/master refs/remotes/master [1ms]
2024-03-28 14:39:51.569 [info] > git status -z -uall [14ms]
2024-03-28 14:39:56.629 [info] > git config --get commit.template [6ms]
2024-03-28 14:39:56.629 [info] > git for-each-ref --format=%(refname)%00%(upstream:short)%00%(objectname)%00%(upstream:track)%00%(upstream:remotename)%00%(upstream:remoteref) refs/heads/master refs/remotes/master [0ms]
2024-03-28 14:39:56.646 [info] > git status -z -uall [10ms]
2024-03-28 14:40:01.706 [info] > git config --get commit.template [6ms]
2024-03-28 14:40:01.706 [info] > git for-each-ref --format=%(refname)%00%(upstream:short)%00%(objectname)%00%(upstream:track)%00%(upstream:remotename)%00%(upstream:remoteref) refs/heads/master refs/remotes/master [1ms]
2024-03-28 14:40:01.722 [info] > git status -z -uall [11ms]
2024-03-28 14:40:06.779 [info] > git config --get commit.template [6ms]
2024-03-28 14:40:06.779 [info] > git for-each-ref --format=%(refname)%00%(upstream:short)%00%(objectname)%00%(upstream:track)%00%(upstream:remotename)%00%(upstream:remoteref) refs/heads/master refs/remotes/master [1ms]
2024-03-28 14:40:06.795 [info] > git status -z -uall [10ms]
2024-03-28 14:40:25.720 [info] > git config --get commit.template [7ms]
2024-03-28 14:40:25.720 [info] > git for-each-ref --format=%(refname)%00%(upstream:short)%00%(objectname)%00%(upstream:track)%00%(upstream:remotename)%00%(upstream:remoteref) refs/heads/master refs/remotes/master [1ms]
2024-03-28 14:40:25.739 [info] > git status -z -uall [12ms]
2024-03-28 14:42:13.930 [info] > git config --get commit.template [7ms]
2024-03-28 14:42:13.930 [info] > git for-each-ref --format=%(refname)%00%(upstream:short)%00%(objectname)%00%(upstream:track)%00%(upstream:remotename)%00%(upstream:remoteref) refs/heads/master refs/remotes/master [1ms]
2024-03-28 14:42:13.950 [info] > git status -z -uall [13ms]
2024-03-28 14:42:19.016 [info] > git config --get commit.template [8ms]
2024-03-28 14:42:19.016 [info] > git for-each-ref --format=%(refname)%00%(upstream:short)%00%(objectname)%00%(upstream:track)%00%(upstream:remotename)%00%(upstream:remoteref) refs/heads/master refs/remotes/master [1ms]
2024-03-28 14:42:19.037 [info] > git status -z -uall [13ms]
2024-03-28 14:42:19.523 [info] > git show --textconv :setup.sh [11ms]
2024-03-28 14:42:19.524 [info] > git ls-files --stage -- /home/jake/.config/setup.sh [2ms]
2024-03-28 14:42:24.091 [info] > git config --get commit.template [1ms]
2024-03-28 14:42:24.098 [info] > git for-each-ref --format=%(refname)%00%(upstream:short)%00%(objectname)%00%(upstream:track)%00%(upstream:remotename)%00%(upstream:remoteref) refs/heads/master refs/remotes/master [1ms]
2024-03-28 14:42:24.115 [info] > git status -z -uall [11ms]
2024-03-28 14:42:29.174 [info] > git config --get commit.template [7ms]
2024-03-28 14:42:29.174 [info] > git for-each-ref --format=%(refname)%00%(upstream:short)%00%(objectname)%00%(upstream:track)%00%(upstream:remotename)%00%(upstream:remoteref) refs/heads/master refs/remotes/master [1ms]
2024-03-28 14:42:29.191 [info] > git status -z -uall [11ms]
2024-03-28 14:42:34.247 [info] > git config --get commit.template [6ms]
2024-03-28 14:42:34.247 [info] > git for-each-ref --format=%(refname)%00%(upstream:short)%00%(objectname)%00%(upstream:track)%00%(upstream:remotename)%00%(upstream:remoteref) refs/heads/master refs/remotes/master [1ms]
2024-03-28 14:42:34.263 [info] > git status -z -uall [10ms]
2024-03-28 14:42:39.312 [info] > git config --get commit.template [6ms]
2024-03-28 14:42:39.312 [info] > git for-each-ref --format=%(refname)%00%(upstream:short)%00%(objectname)%00%(upstream:track)%00%(upstream:remotename)%00%(upstream:remoteref) refs/heads/master refs/remotes/master [1ms]
2024-03-28 14:42:39.331 [info] > git status -z -uall [12ms]
2024-03-28 14:42:59.334 [info] > git config --get commit.template [7ms]
2024-03-28 14:42:59.334 [info] > git for-each-ref --format=%(refname)%00%(upstream:short)%00%(objectname)%00%(upstream:track)%00%(upstream:remotename)%00%(upstream:remoteref) refs/heads/master refs/remotes/master [1ms]
2024-03-28 14:42:59.354 [info] > git status -z -uall [13ms]
2024-03-28 14:43:04.418 [info] > git config --get commit.template [6ms]
2024-03-28 14:43:04.419 [info] > git for-each-ref --format=%(refname)%00%(upstream:short)%00%(objectname)%00%(upstream:track)%00%(upstream:remotename)%00%(upstream:remoteref) refs/heads/master refs/remotes/master [0ms]
2024-03-28 14:43:04.436 [info] > git status -z -uall [12ms]
2024-03-28 14:43:09.496 [info] > git config --get commit.template [7ms]
2024-03-28 14:43:09.497 [info] > git for-each-ref --format=%(refname)%00%(upstream:short)%00%(objectname)%00%(upstream:track)%00%(upstream:remotename)%00%(upstream:remoteref) refs/heads/master refs/remotes/master [1ms]
2024-03-28 14:43:09.514 [info] > git status -z -uall [11ms]
2024-03-28 14:43:14.567 [info] > git config --get commit.template [6ms]
2024-03-28 14:43:14.567 [info] > git for-each-ref --format=%(refname)%00%(upstream:short)%00%(objectname)%00%(upstream:track)%00%(upstream:remotename)%00%(upstream:remoteref) refs/heads/master refs/remotes/master [1ms]
2024-03-28 14:43:14.585 [info] > git status -z -uall [12ms]
2024-03-28 14:43:19.642 [info] > git config --get commit.template [7ms]
2024-03-28 14:43:19.642 [info] > git for-each-ref --format=%(refname)%00%(upstream:short)%00%(objectname)%00%(upstream:track)%00%(upstream:remotename)%00%(upstream:remoteref) refs/heads/master refs/remotes/master [1ms]
2024-03-28 14:43:19.659 [info] > git status -z -uall [11ms]
2024-03-28 14:43:24.722 [info] > git config --get commit.template [7ms]
2024-03-28 14:43:24.722 [info] > git for-each-ref --format=%(refname)%00%(upstream:short)%00%(objectname)%00%(upstream:track)%00%(upstream:remotename)%00%(upstream:remoteref) refs/heads/master refs/remotes/master [1ms]
2024-03-28 14:43:24.740 [info] > git status -z -uall [11ms]
2024-03-28 14:43:29.786 [info] > git config --get commit.template [1ms]
2024-03-28 14:43:29.796 [info] > git for-each-ref --format=%(refname)%00%(upstream:short)%00%(objectname)%00%(upstream:track)%00%(upstream:remotename)%00%(upstream:remoteref) refs/heads/master refs/remotes/master [1ms]
2024-03-28 14:43:29.813 [info] > git status -z -uall [11ms]
2024-03-28 14:43:34.872 [info] > git config --get commit.template [9ms]
2024-03-28 14:43:34.872 [info] > git for-each-ref --format=%(refname)%00%(upstream:short)%00%(objectname)%00%(upstream:track)%00%(upstream:remotename)%00%(upstream:remoteref) refs/heads/master refs/remotes/master [1ms]
2024-03-28 14:43:34.890 [info] > git status -z -uall [12ms]
2024-03-28 14:44:03.014 [info] > git config --get commit.template [7ms]
2024-03-28 14:44:03.014 [info] > git for-each-ref --format=%(refname)%00%(upstream:short)%00%(objectname)%00%(upstream:track)%00%(upstream:remotename)%00%(upstream:remoteref) refs/heads/master refs/remotes/master [1ms]
2024-03-28 14:44:03.034 [info] > git status -z -uall [12ms]
2024-03-28 14:44:03.311 [info] > git check-ignore -v -z --stdin [0ms]
2024-03-28 14:44:08.099 [info] > git config --get commit.template [7ms]
2024-03-28 14:44:08.099 [info] > git for-each-ref --format=%(refname)%00%(upstream:short)%00%(objectname)%00%(upstream:track)%00%(upstream:remotename)%00%(upstream:remoteref) refs/heads/master refs/remotes/master [1ms]
2024-03-28 14:44:08.115 [info] > git status -z -uall [10ms]
2024-03-28 14:44:13.172 [info] > git config --get commit.template [7ms]
2024-03-28 14:44:13.172 [info] > git for-each-ref --format=%(refname)%00%(upstream:short)%00%(objectname)%00%(upstream:track)%00%(upstream:remotename)%00%(upstream:remoteref) refs/heads/master refs/remotes/master [1ms]
2024-03-28 14:44:13.191 [info] > git status -z -uall [13ms]
2024-03-28 14:44:18.245 [info] > git config --get commit.template [8ms]
2024-03-28 14:44:18.245 [info] > git for-each-ref --format=%(refname)%00%(upstream:short)%00%(objectname)%00%(upstream:track)%00%(upstream:remotename)%00%(upstream:remoteref) refs/heads/master refs/remotes/master [1ms]
2024-03-28 14:44:18.267 [info] > git status -z -uall [13ms]
2024-03-28 14:44:23.340 [info] > git config --get commit.template [7ms]
2024-03-28 14:44:23.340 [info] > git for-each-ref --format=%(refname)%00%(upstream:short)%00%(objectname)%00%(upstream:track)%00%(upstream:remotename)%00%(upstream:remoteref) refs/heads/master refs/remotes/master [1ms]
2024-03-28 14:44:23.359 [info] > git status -z -uall [13ms]
2024-03-28 14:44:28.416 [info] > git config --get commit.template [11ms]
2024-03-28 14:44:28.417 [info] > git for-each-ref --format=%(refname)%00%(upstream:short)%00%(objectname)%00%(upstream:track)%00%(upstream:remotename)%00%(upstream:remoteref) refs/heads/master refs/remotes/master [2ms]
2024-03-28 14:44:28.439 [info] > git status -z -uall [15ms]
2024-03-28 14:44:33.506 [info] > git config --get commit.template [7ms]
2024-03-28 14:44:33.506 [info] > git for-each-ref --format=%(refname)%00%(upstream:short)%00%(objectname)%00%(upstream:track)%00%(upstream:remotename)%00%(upstream:remoteref) refs/heads/master refs/remotes/master [0ms]
2024-03-28 14:44:33.523 [info] > git status -z -uall [10ms]
2024-03-28 14:44:38.584 [info] > git config --get commit.template [10ms]
2024-03-28 14:44:38.584 [info] > git for-each-ref --format=%(refname)%00%(upstream:short)%00%(objectname)%00%(upstream:track)%00%(upstream:remotename)%00%(upstream:remoteref) refs/heads/master refs/remotes/master [1ms]
2024-03-28 14:44:38.632 [info] > git status -z -uall [39ms]
2024-03-28 14:44:43.695 [info] > git config --get commit.template [9ms]
2024-03-28 14:44:43.696 [info] > git for-each-ref --format=%(refname)%00%(upstream:short)%00%(objectname)%00%(upstream:track)%00%(upstream:remotename)%00%(upstream:remoteref) refs/heads/master refs/remotes/master [0ms]
2024-03-28 14:44:43.712 [info] > git status -z -uall [11ms]
2024-03-28 14:44:48.978 [info] > git config --get commit.template [6ms]
2024-03-28 14:44:48.978 [info] > git for-each-ref --format=%(refname)%00%(upstream:short)%00%(objectname)%00%(upstream:track)%00%(upstream:remotename)%00%(upstream:remoteref) refs/heads/master refs/remotes/master [1ms]
2024-03-28 14:44:48.995 [info] > git status -z -uall [11ms]
2024-03-28 14:44:54.050 [info] > git config --get commit.template [6ms]
2024-03-28 14:44:54.051 [info] > git for-each-ref --format=%(refname)%00%(upstream:short)%00%(objectname)%00%(upstream:track)%00%(upstream:remotename)%00%(upstream:remoteref) refs/heads/master refs/remotes/master [1ms]
2024-03-28 14:44:54.068 [info] > git status -z -uall [11ms]
2024-03-28 14:44:59.127 [info] > git config --get commit.template [7ms]
2024-03-28 14:44:59.128 [info] > git for-each-ref --format=%(refname)%00%(upstream:short)%00%(objectname)%00%(upstream:track)%00%(upstream:remotename)%00%(upstream:remoteref) refs/heads/master refs/remotes/master [1ms]
2024-03-28 14:44:59.147 [info] > git status -z -uall [13ms]
2024-03-28 14:45:04.207 [info] > git config --get commit.template [7ms]
2024-03-28 14:45:04.207 [info] > git for-each-ref --format=%(refname)%00%(upstream:short)%00%(objectname)%00%(upstream:track)%00%(upstream:remotename)%00%(upstream:remoteref) refs/heads/master refs/remotes/master [1ms]
2024-03-28 14:45:04.224 [info] > git status -z -uall [11ms]
2024-03-28 14:45:09.276 [info] > git config --get commit.template [1ms]
2024-03-28 14:45:09.285 [info] > git for-each-ref --format=%(refname)%00%(upstream:short)%00%(objectname)%00%(upstream:track)%00%(upstream:remotename)%00%(upstream:remoteref) refs/heads/master refs/remotes/master [1ms]
2024-03-28 14:45:09.303 [info] > git status -z -uall [12ms]
2024-03-28 14:45:14.359 [info] > git config --get commit.template [7ms]
2024-03-28 14:45:14.359 [info] > git for-each-ref --format=%(refname)%00%(upstream:short)%00%(objectname)%00%(upstream:track)%00%(upstream:remotename)%00%(upstream:remoteref) refs/heads/master refs/remotes/master [1ms]
2024-03-28 14:45:14.376 [info] > git status -z -uall [10ms]
2024-03-28 14:45:19.438 [info] > git config --get commit.template [7ms]
2024-03-28 14:45:19.439 [info] > git for-each-ref --format=%(refname)%00%(upstream:short)%00%(objectname)%00%(upstream:track)%00%(upstream:remotename)%00%(upstream:remoteref) refs/heads/master refs/remotes/master [2ms]
2024-03-28 14:45:19.456 [info] > git status -z -uall [11ms]
2024-03-28 14:45:24.515 [info] > git config --get commit.template [1ms]
2024-03-28 14:45:24.525 [info] > git for-each-ref --format=%(refname)%00%(upstream:short)%00%(objectname)%00%(upstream:track)%00%(upstream:remotename)%00%(upstream:remoteref) refs/heads/master refs/remotes/master [1ms]
2024-03-28 14:45:24.543 [info] > git status -z -uall [11ms]
2024-03-28 14:45:29.619 [info] > git config --get commit.template [6ms]
2024-03-28 14:45:29.619 [info] > git for-each-ref --format=%(refname)%00%(upstream:short)%00%(objectname)%00%(upstream:track)%00%(upstream:remotename)%00%(upstream:remoteref) refs/heads/master refs/remotes/master [1ms]
2024-03-28 14:45:29.637 [info] > git status -z -uall [11ms]
2024-03-28 14:45:34.705 [info] > git config --get commit.template [9ms]
2024-03-28 14:45:34.705 [info] > git for-each-ref --format=%(refname)%00%(upstream:short)%00%(objectname)%00%(upstream:track)%00%(upstream:remotename)%00%(upstream:remoteref) refs/heads/master refs/remotes/master [1ms]
2024-03-28 14:45:34.727 [info] > git status -z -uall [12ms]
2024-03-28 14:45:39.801 [info] > git config --get commit.template [7ms]
2024-03-28 14:45:39.801 [info] > git for-each-ref --format=%(refname)%00%(upstream:short)%00%(objectname)%00%(upstream:track)%00%(upstream:remotename)%00%(upstream:remoteref) refs/heads/master refs/remotes/master [1ms]
2024-03-28 14:45:39.818 [info] > git status -z -uall [11ms]
2024-03-28 14:45:44.883 [info] > git config --get commit.template [7ms]
2024-03-28 14:45:44.883 [info] > git for-each-ref --format=%(refname)%00%(upstream:short)%00%(objectname)%00%(upstream:track)%00%(upstream:remotename)%00%(upstream:remoteref) refs/heads/master refs/remotes/master [1ms]
2024-03-28 14:45:44.900 [info] > git status -z -uall [10ms]
2024-03-28 14:45:49.951 [info] > git config --get commit.template [2ms]
2024-03-28 14:45:49.958 [info] > git for-each-ref --format=%(refname)%00%(upstream:short)%00%(objectname)%00%(upstream:track)%00%(upstream:remotename)%00%(upstream:remoteref) refs/heads/master refs/remotes/master [1ms]
2024-03-28 14:45:49.975 [info] > git status -z -uall [11ms]
2024-03-28 14:45:55.033 [info] > git config --get commit.template [6ms]
2024-03-28 14:45:55.033 [info] > git for-each-ref --format=%(refname)%00%(upstream:short)%00%(objectname)%00%(upstream:track)%00%(upstream:remotename)%00%(upstream:remoteref) refs/heads/master refs/remotes/master [1ms]
2024-03-28 14:45:55.051 [info] > git status -z -uall [12ms]
2024-03-28 14:46:00.108 [info] > git config --get commit.template [6ms]
2024-03-28 14:46:00.108 [info] > git for-each-ref --format=%(refname)%00%(upstream:short)%00%(objectname)%00%(upstream:track)%00%(upstream:remotename)%00%(upstream:remoteref) refs/heads/master refs/remotes/master [1ms]
2024-03-28 14:46:00.126 [info] > git status -z -uall [12ms]
2024-03-28 14:46:05.182 [info] > git config --get commit.template [7ms]
2024-03-28 14:46:05.182 [info] > git for-each-ref --format=%(refname)%00%(upstream:short)%00%(objectname)%00%(upstream:track)%00%(upstream:remotename)%00%(upstream:remoteref) refs/heads/master refs/remotes/master [1ms]
2024-03-28 14:46:05.199 [info] > git status -z -uall [11ms]
2024-03-28 14:46:10.258 [info] > git config --get commit.template [7ms]
2024-03-28 14:46:10.258 [info] > git for-each-ref --format=%(refname)%00%(upstream:short)%00%(objectname)%00%(upstream:track)%00%(upstream:remotename)%00%(upstream:remoteref) refs/heads/master refs/remotes/master [1ms]
2024-03-28 14:46:10.276 [info] > git status -z -uall [12ms]
2024-03-28 14:46:15.337 [info] > git config --get commit.template [8ms]
2024-03-28 14:46:15.337 [info] > git for-each-ref --format=%(refname)%00%(upstream:short)%00%(objectname)%00%(upstream:track)%00%(upstream:remotename)%00%(upstream:remoteref) refs/heads/master refs/remotes/master [1ms]
2024-03-28 14:46:15.358 [info] > git status -z -uall [13ms]
2024-03-28 14:46:18.214 [info] > git show --textconv :README.md [7ms]
2024-03-28 14:46:18.215 [info] > git ls-files --stage -- /home/jake/.config/README.md [2ms]
2024-03-28 14:46:18.221 [info] > git cat-file -s b3f7c5e2d0f69b29f4390d510eab6115a6dced30 [0ms]
2024-03-28 14:46:18.830 [info] > git show --textconv :setup.sh [7ms]
2024-03-28 14:46:18.831 [info] > git ls-files --stage -- /home/jake/.config/setup.sh [1ms]
2024-03-28 14:46:20.418 [info] > git config --get commit.template [6ms]
2024-03-28 14:46:20.419 [info] > git for-each-ref --format=%(refname)%00%(upstream:short)%00%(objectname)%00%(upstream:track)%00%(upstream:remotename)%00%(upstream:remoteref) refs/heads/master refs/remotes/master [1ms]
2024-03-28 14:46:20.435 [info] > git status -z -uall [10ms]
2024-03-28 14:46:21.103 [info] > git show --textconv :README.md [7ms]
2024-03-28 14:46:21.104 [info] > git ls-files --stage -- /home/jake/.config/README.md [1ms]
2024-03-28 14:46:21.111 [info] > git cat-file -s b3f7c5e2d0f69b29f4390d510eab6115a6dced30 [1ms]
2024-03-28 14:46:22.681 [info] > git show --textconv :setup.sh [8ms]
2024-03-28 14:46:22.681 [info] > git ls-files --stage -- /home/jake/.config/setup.sh [1ms]
2024-03-28 14:46:24.205 [info] > git show --textconv :_packages/packages.txt [7ms]
2024-03-28 14:46:24.205 [info] > git ls-files --stage -- /home/jake/.config/_packages/packages.txt [1ms]
2024-03-28 14:46:25.495 [info] > git config --get commit.template [8ms]
2024-03-28 14:46:25.495 [info] > git for-each-ref --format=%(refname)%00%(upstream:short)%00%(objectname)%00%(upstream:track)%00%(upstream:remotename)%00%(upstream:remoteref) refs/heads/master refs/remotes/master [1ms]
2024-03-28 14:46:25.516 [info] > git status -z -uall [12ms]
2024-03-28 14:46:26.891 [info] > git show --textconv :setup.sh [11ms]
2024-03-28 14:46:26.891 [info] > git ls-files --stage -- /home/jake/.config/setup.sh [1ms]
2024-03-28 14:46:29.557 [info] > git show --textconv :README.md [7ms]
2024-03-28 14:46:29.558 [info] > git ls-files --stage -- /home/jake/.config/README.md [1ms]
2024-03-28 14:46:29.564 [info] > git cat-file -s b3f7c5e2d0f69b29f4390d510eab6115a6dced30 [1ms]
2024-03-28 14:46:30.598 [info] > git config --get commit.template [6ms]
2024-03-28 14:46:30.599 [info] > git for-each-ref --format=%(refname)%00%(upstream:short)%00%(objectname)%00%(upstream:track)%00%(upstream:remotename)%00%(upstream:remoteref) refs/heads/master refs/remotes/master [1ms]
2024-03-28 14:46:30.616 [info] > git status -z -uall [11ms]
2024-03-28 14:46:35.667 [info] > git config --get commit.template [1ms]
2024-03-28 14:46:35.681 [info] > git for-each-ref --format=%(refname)%00%(upstream:short)%00%(objectname)%00%(upstream:track)%00%(upstream:remotename)%00%(upstream:remoteref) refs/heads/master refs/remotes/master [1ms]
2024-03-28 14:46:35.700 [info] > git status -z -uall [12ms]
2024-03-28 14:46:40.764 [info] > git config --get commit.template [6ms]
2024-03-28 14:46:40.764 [info] > git for-each-ref --format=%(refname)%00%(upstream:short)%00%(objectname)%00%(upstream:track)%00%(upstream:remotename)%00%(upstream:remoteref) refs/heads/master refs/remotes/master [1ms]
2024-03-28 14:46:40.781 [info] > git status -z -uall [11ms]
2024-03-28 14:46:45.840 [info] > git config --get commit.template [6ms]
2024-03-28 14:46:45.840 [info] > git for-each-ref --format=%(refname)%00%(upstream:short)%00%(objectname)%00%(upstream:track)%00%(upstream:remotename)%00%(upstream:remoteref) refs/heads/master refs/remotes/master [1ms]
2024-03-28 14:46:45.869 [info] > git status -z -uall [23ms]
2024-03-28 14:46:50.930 [info] > git config --get commit.template [8ms]
2024-03-28 14:46:50.930 [info] > git for-each-ref --format=%(refname)%00%(upstream:short)%00%(objectname)%00%(upstream:track)%00%(upstream:remotename)%00%(upstream:remoteref) refs/heads/master refs/remotes/master [1ms]
2024-03-28 14:46:50.950 [info] > git status -z -uall [12ms]
2024-03-28 14:46:56.007 [info] > git config --get commit.template [7ms]
2024-03-28 14:46:56.007 [info] > git for-each-ref --format=%(refname)%00%(upstream:short)%00%(objectname)%00%(upstream:track)%00%(upstream:remotename)%00%(upstream:remoteref) refs/heads/master refs/remotes/master [1ms]
2024-03-28 14:46:56.024 [info] > git status -z -uall [11ms]
2024-03-28 14:47:01.088 [info] > git config --get commit.template [9ms]
2024-03-28 14:47:01.089 [info] > git for-each-ref --format=%(refname)%00%(upstream:short)%00%(objectname)%00%(upstream:track)%00%(upstream:remotename)%00%(upstream:remoteref) refs/heads/master refs/remotes/master [1ms]
2024-03-28 14:47:01.110 [info] > git status -z -uall [12ms]
2024-03-28 14:47:06.268 [info] > git show --textconv :setup.sh [7ms]
2024-03-28 14:47:06.269 [info] > git ls-files --stage -- /home/jake/.config/setup.sh [1ms]
2024-03-28 14:47:06.313 [info] > git config --get commit.template [11ms]
2024-03-28 14:47:06.313 [info] > git for-each-ref --format=%(refname)%00%(upstream:short)%00%(objectname)%00%(upstream:track)%00%(upstream:remotename)%00%(upstream:remoteref) refs/heads/master refs/remotes/master [1ms]
2024-03-28 14:47:06.333 [info] > git status -z -uall [11ms]
2024-03-28 14:47:11.400 [info] > git config --get commit.template [6ms]
2024-03-28 14:47:11.400 [info] > git for-each-ref --format=%(refname)%00%(upstream:short)%00%(objectname)%00%(upstream:track)%00%(upstream:remotename)%00%(upstream:remoteref) refs/heads/master refs/remotes/master [1ms]
2024-03-28 14:47:11.417 [info] > git status -z -uall [11ms]
2024-03-28 14:47:27.943 [info] > git config --get commit.template [7ms]
2024-03-28 14:47:27.943 [info] > git for-each-ref --format=%(refname)%00%(upstream:short)%00%(objectname)%00%(upstream:track)%00%(upstream:remotename)%00%(upstream:remoteref) refs/heads/master refs/remotes/master [1ms]
2024-03-28 14:47:27.962 [info] > git status -z -uall [12ms]
2024-03-28 14:47:33.017 [info] > git config --get commit.template [0ms]
2024-03-28 14:47:33.026 [info] > git for-each-ref --format=%(refname)%00%(upstream:short)%00%(objectname)%00%(upstream:track)%00%(upstream:remotename)%00%(upstream:remoteref) refs/heads/master refs/remotes/master [2ms]
2024-03-28 14:47:33.047 [info] > git status -z -uall [13ms]
2024-03-28 14:47:50.498 [info] > git config --get commit.template [8ms]
2024-03-28 14:47:50.499 [info] > git for-each-ref --format=%(refname)%00%(upstream:short)%00%(objectname)%00%(upstream:track)%00%(upstream:remotename)%00%(upstream:remoteref) refs/heads/master refs/remotes/master [1ms]
2024-03-28 14:47:50.517 [info] > git status -z -uall [11ms]
2024-03-28 14:47:55.578 [info] > git config --get commit.template [2ms]
2024-03-28 14:47:55.587 [info] > git for-each-ref --format=%(refname)%00%(upstream:short)%00%(objectname)%00%(upstream:track)%00%(upstream:remotename)%00%(upstream:remoteref) refs/heads/master refs/remotes/master [1ms]
2024-03-28 14:47:55.604 [info] > git status -z -uall [11ms]
2024-03-28 14:48:00.665 [info] > git config --get commit.template [6ms]
2024-03-28 14:48:00.666 [info] > git for-each-ref --format=%(refname)%00%(upstream:short)%00%(objectname)%00%(upstream:track)%00%(upstream:remotename)%00%(upstream:remoteref) refs/heads/master refs/remotes/master [1ms]
2024-03-28 14:48:00.682 [info] > git status -z -uall [10ms]
2024-03-28 14:48:05.739 [info] > git config --get commit.template [7ms]
2024-03-28 14:48:05.740 [info] > git for-each-ref --format=%(refname)%00%(upstream:short)%00%(objectname)%00%(upstream:track)%00%(upstream:remotename)%00%(upstream:remoteref) refs/heads/master refs/remotes/master [1ms]
2024-03-28 14:48:05.756 [info] > git status -z -uall [10ms]
2024-03-28 14:48:23.009 [info] > git config --get commit.template [8ms]
2024-03-28 14:48:23.009 [info] > git for-each-ref --format=%(refname)%00%(upstream:short)%00%(objectname)%00%(upstream:track)%00%(upstream:remotename)%00%(upstream:remoteref) refs/heads/master refs/remotes/master [1ms]
2024-03-28 14:48:23.029 [info] > git status -z -uall [13ms]
2024-03-28 14:48:28.092 [info] > git config --get commit.template [10ms]
2024-03-28 14:48:28.093 [info] > git for-each-ref --format=%(refname)%00%(upstream:short)%00%(objectname)%00%(upstream:track)%00%(upstream:remotename)%00%(upstream:remoteref) refs/heads/master refs/remotes/master [2ms]
2024-03-28 14:48:28.112 [info] > git status -z -uall [12ms]
2024-03-28 14:48:33.184 [info] > git config --get commit.template [7ms]
2024-03-28 14:48:33.184 [info] > git for-each-ref --format=%(refname)%00%(upstream:short)%00%(objectname)%00%(upstream:track)%00%(upstream:remotename)%00%(upstream:remoteref) refs/heads/master refs/remotes/master [1ms]
2024-03-28 14:48:33.201 [info] > git status -z -uall [11ms]
2024-03-28 14:48:38.264 [info] > git config --get commit.template [9ms]
2024-03-28 14:48:38.264 [info] > git for-each-ref --format=%(refname)%00%(upstream:short)%00%(objectname)%00%(upstream:track)%00%(upstream:remotename)%00%(upstream:remoteref) refs/heads/master refs/remotes/master [1ms]
2024-03-28 14:48:38.287 [info] > git status -z -uall [13ms]
2024-03-28 14:48:43.352 [info] > git config --get commit.template [7ms]
2024-03-28 14:48:43.352 [info] > git for-each-ref --format=%(refname)%00%(upstream:short)%00%(objectname)%00%(upstream:track)%00%(upstream:remotename)%00%(upstream:remoteref) refs/heads/master refs/remotes/master [1ms]
2024-03-28 14:48:43.369 [info] > git status -z -uall [11ms]
2024-03-28 14:48:48.709 [info] > git config --get commit.template [12ms]
2024-03-28 14:48:48.709 [info] > git for-each-ref --format=%(refname)%00%(upstream:short)%00%(objectname)%00%(upstream:track)%00%(upstream:remotename)%00%(upstream:remoteref) refs/heads/master refs/remotes/master [1ms]
2024-03-28 14:48:48.727 [info] > git status -z -uall [11ms]
2024-03-28 14:48:53.786 [info] > git config --get commit.template [7ms]
2024-03-28 14:48:53.786 [info] > git for-each-ref --format=%(refname)%00%(upstream:short)%00%(objectname)%00%(upstream:track)%00%(upstream:remotename)%00%(upstream:remoteref) refs/heads/master refs/remotes/master [1ms]
2024-03-28 14:48:53.803 [info] > git status -z -uall [11ms]
2024-03-28 14:49:16.289 [info] > git config --get commit.template [7ms]
2024-03-28 14:49:16.290 [info] > git for-each-ref --format=%(refname)%00%(upstream:short)%00%(objectname)%00%(upstream:track)%00%(upstream:remotename)%00%(upstream:remoteref) refs/heads/master refs/remotes/master [1ms]
2024-03-28 14:49:16.309 [info] > git status -z -uall [12ms]
2024-03-28 14:49:44.731 [info] > git config --get commit.template [8ms]
2024-03-28 14:49:44.731 [info] > git for-each-ref --format=%(refname)%00%(upstream:short)%00%(objectname)%00%(upstream:track)%00%(upstream:remotename)%00%(upstream:remoteref) refs/heads/master refs/remotes/master [1ms]
2024-03-28 14:49:44.751 [info] > git status -z -uall [12ms]
2024-03-28 14:49:49.812 [info] > git config --get commit.template [7ms]
2024-03-28 14:49:49.812 [info] > git for-each-ref --format=%(refname)%00%(upstream:short)%00%(objectname)%00%(upstream:track)%00%(upstream:remotename)%00%(upstream:remoteref) refs/heads/master refs/remotes/master [1ms]
2024-03-28 14:49:49.829 [info] > git status -z -uall [11ms]
2024-03-28 14:49:54.887 [info] > git config --get commit.template [7ms]
2024-03-28 14:49:54.887 [info] > git for-each-ref --format=%(refname)%00%(upstream:short)%00%(objectname)%00%(upstream:track)%00%(upstream:remotename)%00%(upstream:remoteref) refs/heads/master refs/remotes/master [1ms]
2024-03-28 14:49:54.906 [info] > git status -z -uall [13ms]
2024-03-28 14:50:03.919 [info] > git config --get commit.template [34ms]
2024-03-28 14:50:03.919 [info] > git for-each-ref --format=%(refname)%00%(upstream:short)%00%(objectname)%00%(upstream:track)%00%(upstream:remotename)%00%(upstream:remoteref) refs/heads/master refs/remotes/master [25ms]
2024-03-28 14:50:03.939 [info] > git status -z -uall [11ms]
2024-03-28 14:50:09.006 [info] > git config --get commit.template [7ms]
2024-03-28 14:50:09.006 [info] > git for-each-ref --format=%(refname)%00%(upstream:short)%00%(objectname)%00%(upstream:track)%00%(upstream:remotename)%00%(upstream:remoteref) refs/heads/master refs/remotes/master [0ms]
2024-03-28 14:50:09.023 [info] > git status -z -uall [11ms]
2024-03-28 14:50:14.090 [info] > git config --get commit.template [16ms]
2024-03-28 14:50:14.091 [info] > git for-each-ref --format=%(refname)%00%(upstream:short)%00%(objectname)%00%(upstream:track)%00%(upstream:remotename)%00%(upstream:remoteref) refs/heads/master refs/remotes/master [1ms]
2024-03-28 14:50:14.112 [info] > git status -z -uall [12ms]
2024-03-28 14:50:21.666 [info] > git config --get commit.template [9ms]
2024-03-28 14:50:21.666 [info] > git for-each-ref --format=%(refname)%00%(upstream:short)%00%(objectname)%00%(upstream:track)%00%(upstream:remotename)%00%(upstream:remoteref) refs/heads/master refs/remotes/master [1ms]
2024-03-28 14:50:21.685 [info] > git status -z -uall [11ms]
2024-03-28 14:50:26.739 [info] > git config --get commit.template [7ms]
2024-03-28 14:50:26.739 [info] > git for-each-ref --format=%(refname)%00%(upstream:short)%00%(objectname)%00%(upstream:track)%00%(upstream:remotename)%00%(upstream:remoteref) refs/heads/master refs/remotes/master [1ms]
2024-03-28 14:50:26.756 [info] > git status -z -uall [11ms]
2024-03-28 14:50:31.809 [info] > git config --get commit.template [7ms]
2024-03-28 14:50:31.810 [info] > git for-each-ref --format=%(refname)%00%(upstream:short)%00%(objectname)%00%(upstream:track)%00%(upstream:remotename)%00%(upstream:remoteref) refs/heads/master refs/remotes/master [1ms]
2024-03-28 14:50:31.828 [info] > git status -z -uall [12ms]
2024-03-28 14:50:36.883 [info] > git config --get commit.template [7ms]
2024-03-28 14:50:36.883 [info] > git for-each-ref --format=%(refname)%00%(upstream:short)%00%(objectname)%00%(upstream:track)%00%(upstream:remotename)%00%(upstream:remoteref) refs/heads/master refs/remotes/master [1ms]
2024-03-28 14:50:36.900 [info] > git status -z -uall [11ms]
2024-03-28 14:50:43.954 [info] > git config --get commit.template [11ms]
2024-03-28 14:50:43.955 [info] > git for-each-ref --format=%(refname)%00%(upstream:short)%00%(objectname)%00%(upstream:track)%00%(upstream:remotename)%00%(upstream:remoteref) refs/heads/master refs/remotes/master [1ms]
2024-03-28 14:50:43.975 [info] > git status -z -uall [12ms]
2024-03-28 14:50:49.034 [info] > git config --get commit.template [7ms]
2024-03-28 14:50:49.034 [info] > git for-each-ref --format=%(refname)%00%(upstream:short)%00%(objectname)%00%(upstream:track)%00%(upstream:remotename)%00%(upstream:remoteref) refs/heads/master refs/remotes/master [1ms]
2024-03-28 14:50:49.052 [info] > git status -z -uall [12ms]
2024-03-28 14:51:24.619 [info] > git config --get commit.template [1ms]
2024-03-28 14:51:24.632 [info] > git for-each-ref --format=%(refname)%00%(upstream:short)%00%(objectname)%00%(upstream:track)%00%(upstream:remotename)%00%(upstream:remoteref) refs/heads/master refs/remotes/master [1ms]
2024-03-28 14:51:24.659 [info] > git status -z -uall [17ms]
2024-03-28 14:51:32.991 [info] > git config --get commit.template [8ms]
2024-03-28 14:51:32.991 [info] > git for-each-ref --format=%(refname)%00%(upstream:short)%00%(objectname)%00%(upstream:track)%00%(upstream:remotename)%00%(upstream:remoteref) refs/heads/master refs/remotes/master [1ms]
2024-03-28 14:51:33.010 [info] > git status -z -uall [11ms]
2024-03-28 14:51:38.068 [info] > git config --get commit.template [8ms]
2024-03-28 14:51:38.068 [info] > git for-each-ref --format=%(refname)%00%(upstream:short)%00%(objectname)%00%(upstream:track)%00%(upstream:remotename)%00%(upstream:remoteref) refs/heads/master refs/remotes/master [1ms]
2024-03-28 14:51:38.086 [info] > git status -z -uall [11ms]
2024-03-28 14:51:44.541 [info] > git config --get commit.template [1ms]
2024-03-28 14:51:44.550 [info] > git for-each-ref --format=%(refname)%00%(upstream:short)%00%(objectname)%00%(upstream:track)%00%(upstream:remotename)%00%(upstream:remoteref) refs/heads/master refs/remotes/master [1ms]
2024-03-28 14:51:44.570 [info] > git status -z -uall [12ms]
2024-03-28 14:51:49.631 [info] > git config --get commit.template [7ms]
2024-03-28 14:51:49.631 [info] > git for-each-ref --format=%(refname)%00%(upstream:short)%00%(objectname)%00%(upstream:track)%00%(upstream:remotename)%00%(upstream:remoteref) refs/heads/master refs/remotes/master [0ms]
2024-03-28 14:51:49.649 [info] > git status -z -uall [11ms]
2024-03-28 14:51:54.705 [info] > git config --get commit.template [7ms]
2024-03-28 14:51:54.705 [info] > git for-each-ref --format=%(refname)%00%(upstream:short)%00%(objectname)%00%(upstream:track)%00%(upstream:remotename)%00%(upstream:remoteref) refs/heads/master refs/remotes/master [1ms]
2024-03-28 14:51:54.725 [info] > git status -z -uall [11ms]
2024-03-28 14:51:59.787 [info] > git config --get commit.template [7ms]
2024-03-28 14:51:59.788 [info] > git for-each-ref --format=%(refname)%00%(upstream:short)%00%(objectname)%00%(upstream:track)%00%(upstream:remotename)%00%(upstream:remoteref) refs/heads/master refs/remotes/master [1ms]
2024-03-28 14:51:59.805 [info] > git status -z -uall [11ms]
2024-03-28 14:52:04.859 [info] > git config --get commit.template [7ms]
2024-03-28 14:52:04.860 [info] > git for-each-ref --format=%(refname)%00%(upstream:short)%00%(objectname)%00%(upstream:track)%00%(upstream:remotename)%00%(upstream:remoteref) refs/heads/master refs/remotes/master [1ms]
2024-03-28 14:52:04.877 [info] > git status -z -uall [11ms]
2024-03-28 14:52:09.925 [info] > git config --get commit.template [1ms]
2024-03-28 14:52:09.934 [info] > git for-each-ref --format=%(refname)%00%(upstream:short)%00%(objectname)%00%(upstream:track)%00%(upstream:remotename)%00%(upstream:remoteref) refs/heads/master refs/remotes/master [1ms]
2024-03-28 14:52:09.956 [info] > git status -z -uall [14ms]
2024-03-28 14:52:15.012 [info] > git config --get commit.template [8ms]
2024-03-28 14:52:15.013 [info] > git for-each-ref --format=%(refname)%00%(upstream:short)%00%(objectname)%00%(upstream:track)%00%(upstream:remotename)%00%(upstream:remoteref) refs/heads/master refs/remotes/master [1ms]
2024-03-28 14:52:15.033 [info] > git status -z -uall [14ms]
2024-03-28 14:52:20.098 [info] > git config --get commit.template [8ms]
2024-03-28 14:52:20.098 [info] > git for-each-ref --format=%(refname)%00%(upstream:short)%00%(objectname)%00%(upstream:track)%00%(upstream:remotename)%00%(upstream:remoteref) refs/heads/master refs/remotes/master [1ms]
2024-03-28 14:52:20.123 [info] > git status -z -uall [12ms]
2024-03-28 14:52:25.194 [info] > git config --get commit.template [10ms]
2024-03-28 14:52:25.194 [info] > git for-each-ref --format=%(refname)%00%(upstream:short)%00%(objectname)%00%(upstream:track)%00%(upstream:remotename)%00%(upstream:remoteref) refs/heads/master refs/remotes/master [1ms]
2024-03-28 14:52:25.212 [info] > git status -z -uall [11ms]
2024-03-28 14:52:30.282 [info] > git config --get commit.template [11ms]
2024-03-28 14:52:30.282 [info] > git for-each-ref --format=%(refname)%00%(upstream:short)%00%(objectname)%00%(upstream:track)%00%(upstream:remotename)%00%(upstream:remoteref) refs/heads/master refs/remotes/master [1ms]
2024-03-28 14:52:30.301 [info] > git status -z -uall [11ms]
2024-03-28 14:52:35.366 [info] > git config --get commit.template [7ms]
2024-03-28 14:52:35.367 [info] > git for-each-ref --format=%(refname)%00%(upstream:short)%00%(objectname)%00%(upstream:track)%00%(upstream:remotename)%00%(upstream:remoteref) refs/heads/master refs/remotes/master [1ms]
2024-03-28 14:52:35.385 [info] > git status -z -uall [11ms]
2024-03-28 14:52:48.681 [info] > git config --get commit.template [9ms]
2024-03-28 14:52:48.681 [info] > git for-each-ref --format=%(refname)%00%(upstream:short)%00%(objectname)%00%(upstream:track)%00%(upstream:remotename)%00%(upstream:remoteref) refs/heads/master refs/remotes/master [1ms]
2024-03-28 14:52:48.701 [info] > git status -z -uall [13ms]
2024-03-28 14:52:53.765 [info] > git config --get commit.template [9ms]
2024-03-28 14:52:53.765 [info] > git for-each-ref --format=%(refname)%00%(upstream:short)%00%(objectname)%00%(upstream:track)%00%(upstream:remotename)%00%(upstream:remoteref) refs/heads/master refs/remotes/master [1ms]
2024-03-28 14:52:53.782 [info] > git status -z -uall [11ms]
2024-03-28 14:52:58.844 [info] > git config --get commit.template [9ms]
2024-03-28 14:52:58.844 [info] > git for-each-ref --format=%(refname)%00%(upstream:short)%00%(objectname)%00%(upstream:track)%00%(upstream:remotename)%00%(upstream:remoteref) refs/heads/master refs/remotes/master [1ms]
2024-03-28 14:52:58.861 [info] > git status -z -uall [10ms]
2024-03-28 14:53:03.917 [info] > git config --get commit.template [6ms]
2024-03-28 14:53:03.917 [info] > git for-each-ref --format=%(refname)%00%(upstream:short)%00%(objectname)%00%(upstream:track)%00%(upstream:remotename)%00%(upstream:remoteref) refs/heads/master refs/remotes/master [1ms]
2024-03-28 14:53:03.936 [info] > git status -z -uall [12ms]
2024-03-28 14:53:08.993 [info] > git config --get commit.template [9ms]
2024-03-28 14:53:08.994 [info] > git for-each-ref --format=%(refname)%00%(upstream:short)%00%(objectname)%00%(upstream:track)%00%(upstream:remotename)%00%(upstream:remoteref) refs/heads/master refs/remotes/master [2ms]
2024-03-28 14:53:09.015 [info] > git status -z -uall [11ms]
2024-03-28 14:53:14.077 [info] > git config --get commit.template [1ms]
2024-03-28 14:53:14.085 [info] > git for-each-ref --format=%(refname)%00%(upstream:short)%00%(objectname)%00%(upstream:track)%00%(upstream:remotename)%00%(upstream:remoteref) refs/heads/master refs/remotes/master [1ms]
2024-03-28 14:53:14.103 [info] > git status -z -uall [11ms]
2024-03-28 14:53:19.163 [info] > git config --get commit.template [8ms]
2024-03-28 14:53:19.163 [info] > git for-each-ref --format=%(refname)%00%(upstream:short)%00%(objectname)%00%(upstream:track)%00%(upstream:remotename)%00%(upstream:remoteref) refs/heads/master refs/remotes/master [1ms]
2024-03-28 14:53:19.182 [info] > git status -z -uall [11ms]
2024-03-28 14:53:24.247 [info] > git config --get commit.template [8ms]
2024-03-28 14:53:24.247 [info] > git for-each-ref --format=%(refname)%00%(upstream:short)%00%(objectname)%00%(upstream:track)%00%(upstream:remotename)%00%(upstream:remoteref) refs/heads/master refs/remotes/master [1ms]
2024-03-28 14:53:24.265 [info] > git status -z -uall [11ms]
2024-03-28 14:53:29.332 [info] > git config --get commit.template [8ms]
2024-03-28 14:53:29.333 [info] > git for-each-ref --format=%(refname)%00%(upstream:short)%00%(objectname)%00%(upstream:track)%00%(upstream:remotename)%00%(upstream:remoteref) refs/heads/master refs/remotes/master [1ms]
2024-03-28 14:53:29.350 [info] > git status -z -uall [11ms]
2024-03-28 14:53:34.409 [info] > git config --get commit.template [6ms]
2024-03-28 14:53:34.409 [info] > git for-each-ref --format=%(refname)%00%(upstream:short)%00%(objectname)%00%(upstream:track)%00%(upstream:remotename)%00%(upstream:remoteref) refs/heads/master refs/remotes/master [1ms]
2024-03-28 14:53:34.426 [info] > git status -z -uall [11ms]
2024-03-28 14:53:39.488 [info] > git config --get commit.template [8ms]
2024-03-28 14:53:39.488 [info] > git for-each-ref --format=%(refname)%00%(upstream:short)%00%(objectname)%00%(upstream:track)%00%(upstream:remotename)%00%(upstream:remoteref) refs/heads/master refs/remotes/master [1ms]
2024-03-28 14:53:39.505 [info] > git status -z -uall [10ms]
2024-03-28 14:53:44.563 [info] > git config --get commit.template [7ms]
2024-03-28 14:53:44.564 [info] > git for-each-ref --format=%(refname)%00%(upstream:short)%00%(objectname)%00%(upstream:track)%00%(upstream:remotename)%00%(upstream:remoteref) refs/heads/master refs/remotes/master [0ms]
2024-03-28 14:53:44.582 [info] > git status -z -uall [12ms]
2024-03-28 14:53:49.647 [info] > git config --get commit.template [8ms]
2024-03-28 14:53:49.648 [info] > git for-each-ref --format=%(refname)%00%(upstream:short)%00%(objectname)%00%(upstream:track)%00%(upstream:remotename)%00%(upstream:remoteref) refs/heads/master refs/remotes/master [1ms]
2024-03-28 14:53:49.667 [info] > git status -z -uall [12ms]
2024-03-28 14:53:54.733 [info] > git config --get commit.template [8ms]
2024-03-28 14:53:54.733 [info] > git for-each-ref --format=%(refname)%00%(upstream:short)%00%(objectname)%00%(upstream:track)%00%(upstream:remotename)%00%(upstream:remoteref) refs/heads/master refs/remotes/master [1ms]
2024-03-28 14:53:54.753 [info] > git status -z -uall [12ms]
