2024-03-26 18:03:22.643 [info] Reading sessions from keychain...
2024-03-26 18:03:22.643 [info] Getting sessions for all scopes...
2024-03-26 18:03:22.663 [info] Got stored sessions!
2024-03-26 18:03:22.663 [info] Got 1 verified sessions.
2024-03-26 18:03:22.664 [info] Got 1 sessions for ...
2024-03-26 18:03:22.666 [info] Getting sessions for read:user,repo,user:email,workflow...
2024-03-26 18:03:22.666 [info] Got 0 sessions for read:user,repo,user:email,workflow...
2024-03-26 18:03:22.673 [info] Getting sessions for read:user...
2024-03-26 18:03:22.673 [info] Got 0 sessions for read:user...
2024-03-26 18:03:22.675 [info] Getting sessions for user:email...
2024-03-26 18:03:22.675 [info] Got 1 sessions for user:email...
2024-03-26 18:03:22.938 [info] Getting sessions for all scopes...
2024-03-26 18:03:22.938 [info] Got 1 sessions for ...
2024-03-26 18:03:22.984 [info] Getting sessions for read:user,repo,user:email,workflow...
2024-03-26 18:03:22.984 [info] Got 0 sessions for read:user,repo,user:email,workflow...
2024-03-26 18:03:22.986 [info] Getting sessions for user:email...
2024-03-26 18:03:22.986 [info] Got 1 sessions for user:email...
2024-03-26 18:03:23.363 [info] Getting sessions for read:user,repo,user:email,workflow...
2024-03-26 18:03:23.363 [info] Got 0 sessions for read:user,repo,user:email,workflow...
2024-03-26 18:03:23.371 [info] Getting sessions for user:email...
2024-03-26 18:03:23.371 [info] Got 1 sessions for user:email...
2024-03-26 18:03:23.379 [info] Getting sessions for all scopes...
2024-03-26 18:03:23.379 [info] Got 1 sessions for ...
