2024-03-28 14:03:06.820 [info] Reading sessions from keychain...
2024-03-28 14:03:06.820 [info] Getting sessions for all scopes...
2024-03-28 14:03:06.820 [info] Got stored sessions!
2024-03-28 14:03:06.820 [info] Got 1 verified sessions.
2024-03-28 14:03:06.820 [info] Got 1 sessions for ...
2024-03-28 14:03:06.822 [info] Getting sessions for read:user,repo,user:email,workflow...
2024-03-28 14:03:06.822 [info] Got 0 sessions for read:user,repo,user:email,workflow...
2024-03-28 14:03:06.823 [info] Getting sessions for all scopes...
2024-03-28 14:03:06.823 [info] Got 1 sessions for ...
2024-03-28 14:03:06.824 [info] Getting sessions for read:user...
2024-03-28 14:03:06.824 [info] Got 0 sessions for read:user...
2024-03-28 14:03:06.824 [info] Getting sessions for user:email...
2024-03-28 14:03:06.824 [info] Got 1 sessions for user:email...
2024-03-28 14:03:07.053 [info] Getting sessions for read:user,repo,user:email,workflow...
2024-03-28 14:03:07.053 [info] Got 0 sessions for read:user,repo,user:email,workflow...
2024-03-28 14:03:07.054 [info] Getting sessions for user:email...
2024-03-28 14:03:07.054 [info] Got 1 sessions for user:email...
2024-03-28 14:03:07.414 [info] Getting sessions for read:user,repo,user:email,workflow...
2024-03-28 14:03:07.414 [info] Got 0 sessions for read:user,repo,user:email,workflow...
2024-03-28 14:03:07.415 [info] Getting sessions for user:email...
2024-03-28 14:03:07.415 [info] Got 1 sessions for user:email...
2024-03-28 14:03:07.418 [info] Getting sessions for all scopes...
2024-03-28 14:03:07.418 [info] Got 1 sessions for ...
