2024-03-28 14:07:43.113 [info] Reading sessions from keychain...
2024-03-28 14:07:43.113 [info] Getting sessions for all scopes...
2024-03-28 14:07:43.113 [info] Getting sessions for all scopes...
2024-03-28 14:07:43.113 [info] Got stored sessions!
2024-03-28 14:07:43.113 [info] Got 1 verified sessions.
2024-03-28 14:07:43.113 [info] Got 1 sessions for ...
2024-03-28 14:07:43.113 [info] Got 1 sessions for ...
2024-03-28 14:07:43.113 [info] Getting sessions for read:user,repo,user:email,workflow...
2024-03-28 14:07:43.113 [info] Got 0 sessions for read:user,repo,user:email,workflow...
2024-03-28 14:07:43.117 [info] Getting sessions for read:user...
2024-03-28 14:07:43.117 [info] Got 0 sessions for read:user...
2024-03-28 14:07:43.131 [info] Getting sessions for user:email...
2024-03-28 14:07:43.131 [info] Got 1 sessions for user:email...
2024-03-28 14:07:43.186 [info] Getting sessions for read:user,repo,user:email,workflow...
2024-03-28 14:07:43.186 [info] Got 0 sessions for read:user,repo,user:email,workflow...
2024-03-28 14:07:43.332 [info] Getting sessions for read:user,repo,user:email,workflow...
2024-03-28 14:07:43.332 [info] Got 0 sessions for read:user,repo,user:email,workflow...
2024-03-28 14:07:43.342 [info] Getting sessions for user:email...
2024-03-28 14:07:43.342 [info] Got 1 sessions for user:email...
2024-03-28 14:07:43.700 [info] Getting sessions for read:user,repo,user:email,workflow...
2024-03-28 14:07:43.700 [info] Got 0 sessions for read:user,repo,user:email,workflow...
2024-03-28 14:07:43.700 [info] Getting sessions for user:email...
2024-03-28 14:07:43.700 [info] Got 1 sessions for user:email...
2024-03-28 14:07:43.704 [info] Getting sessions for read:user,repo,user:email,workflow...
2024-03-28 14:07:43.704 [info] Got 0 sessions for read:user,repo,user:email,workflow...
2024-03-28 14:07:43.704 [info] Getting sessions for all scopes...
2024-03-28 14:07:43.704 [info] Got 1 sessions for ...
2024-03-28 14:07:43.704 [info] Getting sessions for user:email...
2024-03-28 14:07:43.704 [info] Got 1 sessions for user:email...
2024-03-28 14:30:29.674 [info] Reading sessions from keychain...
2024-03-28 14:30:29.674 [info] Getting sessions for all scopes...
2024-03-28 14:30:29.674 [info] Getting sessions for all scopes...
2024-03-28 14:30:29.674 [info] Got stored sessions!
2024-03-28 14:30:29.674 [info] Got 1 verified sessions.
2024-03-28 14:30:29.674 [info] Got 1 sessions for ...
2024-03-28 14:30:29.674 [info] Got 1 sessions for ...
2024-03-28 14:30:30.310 [info] Getting sessions for read:user,repo,user:email,workflow...
2024-03-28 14:30:30.310 [info] Got 0 sessions for read:user,repo,user:email,workflow...
2024-03-28 14:30:30.340 [info] Getting sessions for read:user...
2024-03-28 14:30:30.340 [info] Got 0 sessions for read:user...
2024-03-28 14:30:30.342 [info] Getting sessions for read:user,repo,user:email,workflow...
2024-03-28 14:30:30.342 [info] Got 0 sessions for read:user,repo,user:email,workflow...
2024-03-28 14:30:30.394 [info] Getting sessions for user:email...
2024-03-28 14:30:30.394 [info] Got 1 sessions for user:email...
2024-03-28 14:30:30.398 [info] Getting sessions for read:user,repo,user:email,workflow...
2024-03-28 14:30:30.398 [info] Got 0 sessions for read:user,repo,user:email,workflow...
2024-03-28 14:30:30.850 [info] Getting sessions for read:user,repo,user:email,workflow...
2024-03-28 14:30:30.850 [info] Got 0 sessions for read:user,repo,user:email,workflow...
2024-03-28 14:30:30.862 [info] Getting sessions for user:email...
2024-03-28 14:30:30.862 [info] Got 1 sessions for user:email...
2024-03-28 14:30:31.245 [info] Getting sessions for read:user,repo,user:email,workflow...
2024-03-28 14:30:31.245 [info] Got 0 sessions for read:user,repo,user:email,workflow...
2024-03-28 14:30:31.246 [info] Getting sessions for user:email...
2024-03-28 14:30:31.246 [info] Got 1 sessions for user:email...
2024-03-28 14:30:31.249 [info] Getting sessions for read:user,repo,user:email,workflow...
2024-03-28 14:30:31.249 [info] Got 0 sessions for read:user,repo,user:email,workflow...
2024-03-28 14:30:31.249 [info] Getting sessions for all scopes...
2024-03-28 14:30:31.249 [info] Got 1 sessions for ...
2024-03-28 14:30:31.249 [info] Getting sessions for user:email...
2024-03-28 14:30:31.249 [info] Got 1 sessions for user:email...
