2024-03-28 13:59:02.517 [info] Reading sessions from keychain...
2024-03-28 13:59:02.517 [info] Getting sessions for all scopes...
2024-03-28 13:59:02.517 [info] Getting sessions for all scopes...
2024-03-28 13:59:02.517 [info] Getting sessions for read:user,repo,user:email,workflow...
2024-03-28 13:59:02.520 [info] Got stored sessions!
2024-03-28 13:59:02.520 [info] Got 1 verified sessions.
2024-03-28 13:59:02.520 [info] Got 1 sessions for ...
2024-03-28 13:59:02.520 [info] Got 1 sessions for ...
2024-03-28 13:59:02.520 [info] Got 0 sessions for read:user,repo,user:email,workflow...
2024-03-28 13:59:02.521 [info] Getting sessions for read:user...
2024-03-28 13:59:02.521 [info] Got 0 sessions for read:user...
2024-03-28 13:59:02.522 [info] Getting sessions for user:email...
2024-03-28 13:59:02.522 [info] Got 1 sessions for user:email...
2024-03-28 13:59:02.795 [info] Getting sessions for read:user,repo,user:email,workflow...
2024-03-28 13:59:02.795 [info] Got 0 sessions for read:user,repo,user:email,workflow...
2024-03-28 13:59:02.796 [info] Getting sessions for user:email...
2024-03-28 13:59:02.796 [info] Got 1 sessions for user:email...
2024-03-28 13:59:03.148 [info] Getting sessions for read:user,repo,user:email,workflow...
2024-03-28 13:59:03.148 [info] Got 0 sessions for read:user,repo,user:email,workflow...
2024-03-28 13:59:03.149 [info] Getting sessions for user:email...
2024-03-28 13:59:03.149 [info] Got 1 sessions for user:email...
2024-03-28 13:59:03.152 [info] Getting sessions for all scopes...
2024-03-28 13:59:03.152 [info] Got 1 sessions for ...
