2024-03-26 18:05:29.323 [info] Reading sessions from keychain...
2024-03-26 18:05:29.323 [info] Getting sessions for all scopes...
2024-03-26 18:05:29.323 [info] Got stored sessions!
2024-03-26 18:05:29.323 [info] Got 1 verified sessions.
2024-03-26 18:05:29.323 [info] Got 1 sessions for ...
2024-03-26 18:05:29.323 [info] Getting sessions for read:user,repo,user:email,workflow...
2024-03-26 18:05:29.323 [info] Got 0 sessions for read:user,repo,user:email,workflow...
2024-03-26 18:05:29.323 [info] Getting sessions for read:user...
2024-03-26 18:05:29.323 [info] Got 0 sessions for read:user...
2024-03-26 18:05:29.324 [info] Getting sessions for user:email...
2024-03-26 18:05:29.324 [info] Got 1 sessions for user:email...
2024-03-26 18:05:29.620 [info] Getting sessions for read:user,repo,user:email,workflow...
2024-03-26 18:05:29.620 [info] Got 0 sessions for read:user,repo,user:email,workflow...
2024-03-26 18:05:29.623 [info] Getting sessions for user:email...
2024-03-26 18:05:29.623 [info] Got 1 sessions for user:email...
2024-03-26 18:05:30.044 [info] Getting sessions for read:user,repo,user:email,workflow...
2024-03-26 18:05:30.044 [info] Got 0 sessions for read:user,repo,user:email,workflow...
2024-03-26 18:05:30.046 [info] Getting sessions for user:email...
2024-03-26 18:05:30.046 [info] Got 1 sessions for user:email...
2024-03-26 18:05:30.305 [info] Getting sessions for all scopes...
2024-03-26 18:05:30.305 [info] Got 1 sessions for ...
2024-03-26 18:05:30.405 [info] Getting sessions for all scopes...
2024-03-26 18:05:30.405 [info] Got 1 sessions for ...
2024-03-26 18:05:40.237 [info] Getting sessions for read:user,repo,user:email,workflow...
2024-03-26 18:05:40.237 [info] Got 0 sessions for read:user,repo,user:email,workflow...
2024-03-26 18:05:40.241 [info] Getting sessions for user:email...
2024-03-26 18:05:40.241 [info] Got 1 sessions for user:email...
2024-03-26 18:30:29.779 [info] Getting sessions for read:user,repo,user:email,workflow...
2024-03-26 18:30:29.779 [info] Got 0 sessions for read:user,repo,user:email,workflow...
2024-03-26 18:30:29.784 [info] Getting sessions for read:user...
2024-03-26 18:30:29.784 [info] Got 0 sessions for read:user...
2024-03-26 18:30:29.787 [info] Getting sessions for user:email...
2024-03-26 18:30:29.787 [info] Got 1 sessions for user:email...
2024-03-26 18:30:30.044 [info] Getting sessions for read:user,repo,user:email,workflow...
2024-03-26 18:30:30.044 [info] Got 0 sessions for read:user,repo,user:email,workflow...
2024-03-26 18:30:30.047 [info] Getting sessions for user:email...
2024-03-26 18:30:30.047 [info] Got 1 sessions for user:email...
2024-03-26 18:30:30.327 [info] Getting sessions for read:user,repo,user:email,workflow...
2024-03-26 18:30:30.327 [info] Got 0 sessions for read:user,repo,user:email,workflow...
2024-03-26 18:30:30.330 [info] Getting sessions for user:email...
2024-03-26 18:30:30.330 [info] Got 1 sessions for user:email...
